2021-07-19 00:51:57.610  INFO 13376 --- [restartedMain] com.khantwal.blog.MyBlogsApplication     : Starting MyBlogsApplication using Java 12.0.2 on DESKTOP-ISPQ5J4 with PID 13376 (D:\Application\Java_Eclipse_EE\my projects\my-blogs\target\classes started by shubham in D:\Application\Java_Eclipse_EE\my projects\my-blogs)
2021-07-19 00:51:57.610  INFO 13376 --- [restartedMain] com.khantwal.blog.MyBlogsApplication     : No active profile set, falling back to default profiles: default
2021-07-19 00:51:57.740  INFO 13376 --- [restartedMain] .s.d.r.c.RepositoryConfigurationDelegate : Bootstrapping Spring Data JPA repositories in DEFAULT mode.
2021-07-19 00:51:57.741  INFO 13376 --- [restartedMain] .s.d.r.c.RepositoryConfigurationDelegate : Finished Spring Data repository scanning in 0 ms. Found 0 JPA repository interfaces.
2021-07-19 00:51:57.780  INFO 13376 --- [restartedMain] o.s.cloud.context.scope.GenericScope     : BeanFactory id=eb86f99d-78ee-3a2d-ba0b-1243f7a9cdd7
2021-07-19 00:51:57.880  INFO 13376 --- [restartedMain] o.s.b.w.embedded.tomcat.TomcatWebServer  : Tomcat initialized with port(s): 8084 (http)
2021-07-19 00:51:57.881  INFO 13376 --- [restartedMain] o.apache.catalina.core.StandardService   : Starting service [Tomcat]
2021-07-19 00:51:57.881  INFO 13376 --- [restartedMain] org.apache.catalina.core.StandardEngine  : Starting Servlet engine: [Apache Tomcat/9.0.48]
2021-07-19 00:51:58.016  INFO 13376 --- [restartedMain] org.apache.jasper.servlet.TldScanner     : At least one JAR was scanned for TLDs yet contained no TLDs. Enable debug logging for this logger for a complete list of JARs that were scanned but no TLDs were found in them. Skipping unneeded JARs during scanning can improve startup time and JSP compilation time.
2021-07-19 00:51:58.018  INFO 13376 --- [restartedMain] o.a.c.c.C.[Tomcat-3].[localhost].[/]     : Initializing Spring embedded WebApplicationContext
2021-07-19 00:51:58.018  INFO 13376 --- [restartedMain] w.s.c.ServletWebServerApplicationContext : Root WebApplicationContext: initialization completed in 406 ms
2021-07-19 00:51:58.049  INFO 13376 --- [restartedMain] o.hibernate.jpa.internal.util.LogHelper  : HHH000204: Processing PersistenceUnitInfo [name: default]
2021-07-19 00:51:58.054  INFO 13376 --- [restartedMain] com.zaxxer.hikari.HikariDataSource       : HikariPool-53 - Starting...
2021-07-19 00:51:58.064  INFO 13376 --- [restartedMain] com.zaxxer.hikari.HikariDataSource       : HikariPool-53 - Start completed.
2021-07-19 00:51:58.065  INFO 13376 --- [restartedMain] org.hibernate.dialect.Dialect            : HHH000400: Using dialect: org.hibernate.dialect.MySQL8Dialect
2021-07-19 00:51:58.129  INFO 13376 --- [restartedMain] o.h.e.t.j.p.i.JtaPlatformInitiator       : HHH000490: Using JtaPlatform implementation: [org.hibernate.engine.transaction.jta.platform.internal.NoJtaPlatform]
2021-07-19 00:51:58.129  INFO 13376 --- [restartedMain] j.LocalContainerEntityManagerFactoryBean : Initialized JPA EntityManagerFactory for persistence unit 'default'
2021-07-19 00:51:58.155  WARN 13376 --- [restartedMain] o.s.b.d.a.OptionalLiveReloadServer       : Unable to start LiveReload server
2021-07-19 00:51:58.182  WARN 13376 --- [restartedMain] JpaBaseConfiguration$JpaWebConfiguration : spring.jpa.open-in-view is enabled by default. Therefore, database queries may be performed during view rendering. Explicitly configure spring.jpa.open-in-view to disable this warning
2021-07-19 00:51:58.470  INFO 13376 --- [restartedMain] DiscoveryClientOptionalArgsConfiguration : Eureka HTTP Client uses RestTemplate.
2021-07-19 00:51:58.696  WARN 13376 --- [restartedMain] iguration$LoadBalancerCaffeineWarnLogger : Spring Cloud LoadBalancer is currently working with the default cache. You can switch to using Caffeine cache, by adding it and org.springframework.cache.caffeine.CaffeineCacheManager to the classpath.
2021-07-19 00:51:58.705  INFO 13376 --- [restartedMain] o.s.c.n.eureka.InstanceInfoFactory       : Setting initial instance status as: STARTING
2021-07-19 00:51:58.706  INFO 13376 --- [restartedMain] com.netflix.discovery.DiscoveryClient    : Initializing Eureka in region us-east-1
2021-07-19 00:51:58.706  INFO 13376 --- [restartedMain] c.n.d.s.r.aws.ConfigClusterResolver      : Resolving eureka endpoints via configuration
2021-07-19 00:51:58.707  INFO 13376 --- [restartedMain] com.netflix.discovery.DiscoveryClient    : Disable delta property : false
2021-07-19 00:51:58.707  INFO 13376 --- [restartedMain] com.netflix.discovery.DiscoveryClient    : Single vip registry refresh property : null
2021-07-19 00:51:58.707  INFO 13376 --- [restartedMain] com.netflix.discovery.DiscoveryClient    : Force full registry fetch : false
2021-07-19 00:51:58.707  INFO 13376 --- [restartedMain] com.netflix.discovery.DiscoveryClient    : Application is null : false
2021-07-19 00:51:58.707  INFO 13376 --- [restartedMain] com.netflix.discovery.DiscoveryClient    : Registered Applications size is zero : true
2021-07-19 00:51:58.707  INFO 13376 --- [restartedMain] com.netflix.discovery.DiscoveryClient    : Application version is -1: true
2021-07-19 00:51:58.707  INFO 13376 --- [restartedMain] com.netflix.discovery.DiscoveryClient    : Getting all instance registry info from the eureka server
2021-07-19 00:51:58.713  INFO 13376 --- [restartedMain] com.netflix.discovery.DiscoveryClient    : The response status is 200
2021-07-19 00:51:58.714  INFO 13376 --- [restartedMain] com.netflix.discovery.DiscoveryClient    : Starting heartbeat executor: renew interval is: 30
2021-07-19 00:51:58.714  INFO 13376 --- [restartedMain] c.n.discovery.InstanceInfoReplicator     : InstanceInfoReplicator onDemand update allowed rate per min is 4
2021-07-19 00:51:58.714  INFO 13376 --- [restartedMain] com.netflix.discovery.DiscoveryClient    : Discovery Client initialized at timestamp 1626636118714 with initial instances count: 6
2021-07-19 00:51:58.715  INFO 13376 --- [restartedMain] o.s.c.n.e.s.EurekaServiceRegistry        : Registering application FRONTEND-SERVICE with eureka with status UP
2021-07-19 00:51:58.715  INFO 13376 --- [restartedMain] com.netflix.discovery.DiscoveryClient    : Saw local status change event StatusChangeEvent [timestamp=1626636118715, current=UP, previous=STARTING]
2021-07-19 00:51:58.715  INFO 13376 --- [DiscoveryClient-InstanceInfoReplicator-0] com.netflix.discovery.DiscoveryClient    : DiscoveryClient_FRONTEND-SERVICE/DESKTOP-ISPQ5J4:FRONTEND-SERVICE:8084: registering service...
2021-07-19 00:51:58.718  INFO 13376 --- [restartedMain] o.s.b.w.embedded.tomcat.TomcatWebServer  : Tomcat started on port(s): 8084 (http) with context path ''
2021-07-19 00:51:58.719  INFO 13376 --- [restartedMain] .s.c.n.e.s.EurekaAutoServiceRegistration : Updating port to 8084
2021-07-19 00:51:58.721  INFO 13376 --- [DiscoveryClient-InstanceInfoReplicator-0] com.netflix.discovery.DiscoveryClient    : DiscoveryClient_FRONTEND-SERVICE/DESKTOP-ISPQ5J4:FRONTEND-SERVICE:8084 - registration status: 204
2021-07-19 00:51:58.936  INFO 13376 --- [restartedMain] com.khantwal.blog.MyBlogsApplication     : Started MyBlogsApplication in 1.813 seconds (JVM running for 32125.374)
2021-07-19 00:51:58.938  INFO 13376 --- [restartedMain] .ConditionEvaluationDeltaLoggingListener : Condition evaluation unchanged
2021-07-19 00:52:27.052  INFO 13376 --- [http-nio-8084-exec-2] o.a.c.c.C.[Tomcat-3].[localhost].[/]     : Initializing Spring DispatcherServlet 'dispatcherServlet'
2021-07-19 00:52:27.052  INFO 13376 --- [http-nio-8084-exec-2] o.s.web.servlet.DispatcherServlet        : Initializing Servlet 'dispatcherServlet'
2021-07-19 00:52:27.053  INFO 13376 --- [http-nio-8084-exec-2] o.s.web.servlet.DispatcherServlet        : Completed initialization in 1 ms
2021-07-19 00:55:14.112  INFO 13376 --- [RMI TCP Connection(557)-127.0.0.1] inMXBeanRegistrar$SpringApplicationAdmin : Application shutdown requested.
2021-07-19 00:55:14.113  INFO 13376 --- [RMI TCP Connection(557)-127.0.0.1] o.s.c.n.e.s.EurekaServiceRegistry        : Unregistering application FRONTEND-SERVICE with eureka with status DOWN
2021-07-19 00:55:14.113  INFO 13376 --- [RMI TCP Connection(557)-127.0.0.1] com.netflix.discovery.DiscoveryClient    : Saw local status change event StatusChangeEvent [timestamp=1626636314113, current=DOWN, previous=UP]
2021-07-19 00:55:14.114  INFO 13376 --- [DiscoveryClient-InstanceInfoReplicator-0] com.netflix.discovery.DiscoveryClient    : DiscoveryClient_FRONTEND-SERVICE/DESKTOP-ISPQ5J4:FRONTEND-SERVICE:8084: registering service...
2021-07-19 00:55:14.122  INFO 13376 --- [DiscoveryClient-InstanceInfoReplicator-0] com.netflix.discovery.DiscoveryClient    : DiscoveryClient_FRONTEND-SERVICE/DESKTOP-ISPQ5J4:FRONTEND-SERVICE:8084 - registration status: 204
2021-07-19 00:55:14.299  INFO 13376 --- [RMI TCP Connection(557)-127.0.0.1] j.LocalContainerEntityManagerFactoryBean : Closing JPA EntityManagerFactory for persistence unit 'default'
2021-07-19 00:55:14.319  INFO 13376 --- [RMI TCP Connection(557)-127.0.0.1] com.zaxxer.hikari.HikariDataSource       : HikariPool-53 - Shutdown initiated...
2021-07-19 00:55:14.338  INFO 13376 --- [RMI TCP Connection(557)-127.0.0.1] com.zaxxer.hikari.HikariDataSource       : HikariPool-53 - Shutdown completed.
2021-07-19 00:55:14.338  INFO 13376 --- [RMI TCP Connection(557)-127.0.0.1] com.netflix.discovery.DiscoveryClient    : Shutting down DiscoveryClient ...
2021-07-19 00:55:17.344  INFO 13376 --- [RMI TCP Connection(557)-127.0.0.1] com.netflix.discovery.DiscoveryClient    : Unregistering ...
2021-07-19 00:55:17.361  INFO 13376 --- [RMI TCP Connection(557)-127.0.0.1] com.netflix.discovery.DiscoveryClient    : DiscoveryClient_FRONTEND-SERVICE/DESKTOP-ISPQ5J4:FRONTEND-SERVICE:8084 - deregister  status: 200
2021-07-19 00:55:17.367  INFO 13376 --- [RMI TCP Connection(557)-127.0.0.1] com.netflix.discovery.DiscoveryClient    : Completed shut down of DiscoveryClient
2021-07-19 00:57:33.642  INFO 11140 --- [restartedMain] com.cognizant.post.MyBlogsApplication    : Starting MyBlogsApplication using Java 12.0.2 on DESKTOP-ISPQ5J4 with PID 11140 (D:\Application\Java_Eclipse_EE\my projects\my-blogs\target\classes started by shubham in D:\Application\Java_Eclipse_EE\my projects\my-blogs)
2021-07-19 00:57:33.645  INFO 11140 --- [restartedMain] com.cognizant.post.MyBlogsApplication    : No active profile set, falling back to default profiles: default
2021-07-19 00:57:33.682  INFO 11140 --- [restartedMain] .e.DevToolsPropertyDefaultsPostProcessor : Devtools property defaults active! Set 'spring.devtools.add-properties' to 'false' to disable
2021-07-19 00:57:33.683  INFO 11140 --- [restartedMain] .e.DevToolsPropertyDefaultsPostProcessor : For additional web related logging consider setting the 'logging.level.web' property to 'DEBUG'
2021-07-19 00:57:34.648  INFO 11140 --- [restartedMain] .s.d.r.c.RepositoryConfigurationDelegate : Bootstrapping Spring Data JPA repositories in DEFAULT mode.
2021-07-19 00:57:34.659  INFO 11140 --- [restartedMain] .s.d.r.c.RepositoryConfigurationDelegate : Finished Spring Data repository scanning in 4 ms. Found 0 JPA repository interfaces.
2021-07-19 00:57:34.842  INFO 11140 --- [restartedMain] o.s.cloud.context.scope.GenericScope     : BeanFactory id=e445ca9a-392d-3b90-b465-13bc33360dca
2021-07-19 00:57:35.412  INFO 11140 --- [restartedMain] o.s.b.w.embedded.tomcat.TomcatWebServer  : Tomcat initialized with port(s): 8084 (http)
2021-07-19 00:57:35.420  INFO 11140 --- [restartedMain] o.apache.catalina.core.StandardService   : Starting service [Tomcat]
2021-07-19 00:57:35.421  INFO 11140 --- [restartedMain] org.apache.catalina.core.StandardEngine  : Starting Servlet engine: [Apache Tomcat/9.0.48]
2021-07-19 00:57:35.717  INFO 11140 --- [restartedMain] org.apache.jasper.servlet.TldScanner     : At least one JAR was scanned for TLDs yet contained no TLDs. Enable debug logging for this logger for a complete list of JARs that were scanned but no TLDs were found in them. Skipping unneeded JARs during scanning can improve startup time and JSP compilation time.
2021-07-19 00:57:35.723  INFO 11140 --- [restartedMain] o.a.c.c.C.[Tomcat].[localhost].[/]       : Initializing Spring embedded WebApplicationContext
2021-07-19 00:57:35.723  INFO 11140 --- [restartedMain] w.s.c.ServletWebServerApplicationContext : Root WebApplicationContext: initialization completed in 2040 ms
2021-07-19 00:57:35.843  INFO 11140 --- [restartedMain] o.hibernate.jpa.internal.util.LogHelper  : HHH000204: Processing PersistenceUnitInfo [name: default]
2021-07-19 00:57:35.888  INFO 11140 --- [restartedMain] org.hibernate.Version                    : HHH000412: Hibernate ORM core version 5.4.32.Final
2021-07-19 00:57:35.989  INFO 11140 --- [restartedMain] o.hibernate.annotations.common.Version   : HCANN000001: Hibernate Commons Annotations {5.1.2.Final}
2021-07-19 00:57:36.075  INFO 11140 --- [restartedMain] com.zaxxer.hikari.HikariDataSource       : HikariPool-1 - Starting...
2021-07-19 00:57:36.315  INFO 11140 --- [restartedMain] com.zaxxer.hikari.HikariDataSource       : HikariPool-1 - Start completed.
2021-07-19 00:57:36.339  INFO 11140 --- [restartedMain] org.hibernate.dialect.Dialect            : HHH000400: Using dialect: org.hibernate.dialect.MySQL8Dialect
2021-07-19 00:57:36.699  INFO 11140 --- [restartedMain] o.h.e.t.j.p.i.JtaPlatformInitiator       : HHH000490: Using JtaPlatform implementation: [org.hibernate.engine.transaction.jta.platform.internal.NoJtaPlatform]
2021-07-19 00:57:36.716  INFO 11140 --- [restartedMain] j.LocalContainerEntityManagerFactoryBean : Initialized JPA EntityManagerFactory for persistence unit 'default'
2021-07-19 00:57:36.748  WARN 11140 --- [restartedMain] o.s.b.d.a.OptionalLiveReloadServer       : Unable to start LiveReload server
2021-07-19 00:57:36.833  WARN 11140 --- [restartedMain] JpaBaseConfiguration$JpaWebConfiguration : spring.jpa.open-in-view is enabled by default. Therefore, database queries may be performed during view rendering. Explicitly configure spring.jpa.open-in-view to disable this warning
2021-07-19 00:57:37.357  INFO 11140 --- [restartedMain] DiscoveryClientOptionalArgsConfiguration : Eureka HTTP Client uses RestTemplate.
2021-07-19 00:57:37.724  WARN 11140 --- [restartedMain] iguration$LoadBalancerCaffeineWarnLogger : Spring Cloud LoadBalancer is currently working with the default cache. You can switch to using Caffeine cache, by adding it and org.springframework.cache.caffeine.CaffeineCacheManager to the classpath.
2021-07-19 00:57:37.782  INFO 11140 --- [restartedMain] o.s.c.n.eureka.InstanceInfoFactory       : Setting initial instance status as: STARTING
2021-07-19 00:57:37.823  INFO 11140 --- [restartedMain] com.netflix.discovery.DiscoveryClient    : Initializing Eureka in region us-east-1
2021-07-19 00:57:37.829  INFO 11140 --- [restartedMain] c.n.d.s.r.aws.ConfigClusterResolver      : Resolving eureka endpoints via configuration
2021-07-19 00:57:37.866  INFO 11140 --- [restartedMain] com.netflix.discovery.DiscoveryClient    : Disable delta property : false
2021-07-19 00:57:37.866  INFO 11140 --- [restartedMain] com.netflix.discovery.DiscoveryClient    : Single vip registry refresh property : null
2021-07-19 00:57:37.866  INFO 11140 --- [restartedMain] com.netflix.discovery.DiscoveryClient    : Force full registry fetch : false
2021-07-19 00:57:37.866  INFO 11140 --- [restartedMain] com.netflix.discovery.DiscoveryClient    : Application is null : false
2021-07-19 00:57:37.866  INFO 11140 --- [restartedMain] com.netflix.discovery.DiscoveryClient    : Registered Applications size is zero : true
2021-07-19 00:57:37.866  INFO 11140 --- [restartedMain] com.netflix.discovery.DiscoveryClient    : Application version is -1: true
2021-07-19 00:57:37.866  INFO 11140 --- [restartedMain] com.netflix.discovery.DiscoveryClient    : Getting all instance registry info from the eureka server
2021-07-19 00:57:38.119  INFO 11140 --- [restartedMain] com.netflix.discovery.DiscoveryClient    : The response status is 200
2021-07-19 00:57:38.121  INFO 11140 --- [restartedMain] com.netflix.discovery.DiscoveryClient    : Starting heartbeat executor: renew interval is: 30
2021-07-19 00:57:38.123  INFO 11140 --- [restartedMain] c.n.discovery.InstanceInfoReplicator     : InstanceInfoReplicator onDemand update allowed rate per min is 4
2021-07-19 00:57:38.127  INFO 11140 --- [restartedMain] com.netflix.discovery.DiscoveryClient    : Discovery Client initialized at timestamp 1626636458126 with initial instances count: 3
2021-07-19 00:57:38.129  INFO 11140 --- [restartedMain] o.s.c.n.e.s.EurekaServiceRegistry        : Registering application FRONTEND-SERVICE with eureka with status UP
2021-07-19 00:57:38.129  INFO 11140 --- [restartedMain] com.netflix.discovery.DiscoveryClient    : Saw local status change event StatusChangeEvent [timestamp=1626636458129, current=UP, previous=STARTING]
2021-07-19 00:57:38.130  INFO 11140 --- [DiscoveryClient-InstanceInfoReplicator-0] com.netflix.discovery.DiscoveryClient    : DiscoveryClient_FRONTEND-SERVICE/DESKTOP-ISPQ5J4:FRONTEND-SERVICE:8084: registering service...
2021-07-19 00:57:38.154  INFO 11140 --- [restartedMain] o.s.b.w.embedded.tomcat.TomcatWebServer  : Tomcat started on port(s): 8084 (http) with context path ''
2021-07-19 00:57:38.155  INFO 11140 --- [restartedMain] .s.c.n.e.s.EurekaAutoServiceRegistration : Updating port to 8084
2021-07-19 00:57:38.163  INFO 11140 --- [DiscoveryClient-InstanceInfoReplicator-0] com.netflix.discovery.DiscoveryClient    : DiscoveryClient_FRONTEND-SERVICE/DESKTOP-ISPQ5J4:FRONTEND-SERVICE:8084 - registration status: 204
2021-07-19 00:57:38.422  INFO 11140 --- [restartedMain] com.cognizant.post.MyBlogsApplication    : Started MyBlogsApplication in 5.359 seconds (JVM running for 6.157)
2021-07-19 00:58:00.328  INFO 11140 --- [http-nio-8084-exec-2] o.a.c.c.C.[Tomcat].[localhost].[/]       : Initializing Spring DispatcherServlet 'dispatcherServlet'
2021-07-19 00:58:00.328  INFO 11140 --- [http-nio-8084-exec-2] o.s.web.servlet.DispatcherServlet        : Initializing Servlet 'dispatcherServlet'
2021-07-19 00:58:00.330  INFO 11140 --- [http-nio-8084-exec-2] o.s.web.servlet.DispatcherServlet        : Completed initialization in 2 ms
2021-07-19 00:58:00.408  INFO 11140 --- [http-nio-8084-exec-2] c.c.post.controllers.PostController      : Inside getLoginPage() of PostController
2021-07-19 00:58:01.194  WARN 11140 --- [http-nio-8084-exec-2] o.a.c.util.SessionIdGeneratorBase        : Creation of SecureRandom instance for session ID generation using [SHA1PRNG] took [175] milliseconds.
2021-07-19 00:59:46.876  INFO 11140 --- [Thread-1] o.s.c.n.e.s.EurekaServiceRegistry        : Unregistering application FRONTEND-SERVICE with eureka with status DOWN
2021-07-19 00:59:46.877  INFO 11140 --- [Thread-1] com.netflix.discovery.DiscoveryClient    : Saw local status change event StatusChangeEvent [timestamp=1626636586877, current=DOWN, previous=UP]
2021-07-19 00:59:46.877  INFO 11140 --- [DiscoveryClient-InstanceInfoReplicator-0] com.netflix.discovery.DiscoveryClient    : DiscoveryClient_FRONTEND-SERVICE/DESKTOP-ISPQ5J4:FRONTEND-SERVICE:8084: registering service...
2021-07-19 00:59:46.886  INFO 11140 --- [DiscoveryClient-InstanceInfoReplicator-0] com.netflix.discovery.DiscoveryClient    : DiscoveryClient_FRONTEND-SERVICE/DESKTOP-ISPQ5J4:FRONTEND-SERVICE:8084 - registration status: 204
2021-07-19 00:59:47.060  INFO 11140 --- [Thread-1] j.LocalContainerEntityManagerFactoryBean : Closing JPA EntityManagerFactory for persistence unit 'default'
2021-07-19 00:59:47.064  INFO 11140 --- [Thread-1] com.zaxxer.hikari.HikariDataSource       : HikariPool-1 - Shutdown initiated...
2021-07-19 00:59:47.070  INFO 11140 --- [Thread-1] com.zaxxer.hikari.HikariDataSource       : HikariPool-1 - Shutdown completed.
2021-07-19 00:59:47.071  INFO 11140 --- [Thread-1] com.netflix.discovery.DiscoveryClient    : Shutting down DiscoveryClient ...
2021-07-19 00:59:50.080  INFO 11140 --- [Thread-1] com.netflix.discovery.DiscoveryClient    : Unregistering ...
2021-07-19 00:59:50.097  INFO 11140 --- [Thread-1] com.netflix.discovery.DiscoveryClient    : DiscoveryClient_FRONTEND-SERVICE/DESKTOP-ISPQ5J4:FRONTEND-SERVICE:8084 - deregister  status: 200
2021-07-19 00:59:50.104  INFO 11140 --- [Thread-1] com.netflix.discovery.DiscoveryClient    : Completed shut down of DiscoveryClient
2021-07-19 00:59:50.414  INFO 11140 --- [restartedMain] com.cognizant.post.MyBlogsApplication    : Starting MyBlogsApplication using Java 12.0.2 on DESKTOP-ISPQ5J4 with PID 11140 (D:\Application\Java_Eclipse_EE\my projects\my-blogs\target\classes started by shubham in D:\Application\Java_Eclipse_EE\my projects\my-blogs)
2021-07-19 00:59:50.414  INFO 11140 --- [restartedMain] com.cognizant.post.MyBlogsApplication    : No active profile set, falling back to default profiles: default
2021-07-19 00:59:50.656  INFO 11140 --- [restartedMain] .s.d.r.c.RepositoryConfigurationDelegate : Bootstrapping Spring Data JPA repositories in DEFAULT mode.
2021-07-19 00:59:50.658  INFO 11140 --- [restartedMain] .s.d.r.c.RepositoryConfigurationDelegate : Finished Spring Data repository scanning in 1 ms. Found 0 JPA repository interfaces.
2021-07-19 00:59:50.697  INFO 11140 --- [restartedMain] o.s.cloud.context.scope.GenericScope     : BeanFactory id=e445ca9a-392d-3b90-b465-13bc33360dca
2021-07-19 00:59:50.764  INFO 11140 --- [restartedMain] o.s.b.w.embedded.tomcat.TomcatWebServer  : Tomcat initialized with port(s): 8084 (http)
2021-07-19 00:59:50.765  INFO 11140 --- [restartedMain] o.apache.catalina.core.StandardService   : Starting service [Tomcat]
2021-07-19 00:59:50.765  INFO 11140 --- [restartedMain] org.apache.catalina.core.StandardEngine  : Starting Servlet engine: [Apache Tomcat/9.0.48]
2021-07-19 00:59:50.863  INFO 11140 --- [restartedMain] org.apache.jasper.servlet.TldScanner     : At least one JAR was scanned for TLDs yet contained no TLDs. Enable debug logging for this logger for a complete list of JARs that were scanned but no TLDs were found in them. Skipping unneeded JARs during scanning can improve startup time and JSP compilation time.
2021-07-19 00:59:50.865  INFO 11140 --- [restartedMain] o.a.c.c.C.[Tomcat].[localhost].[/]       : Initializing Spring embedded WebApplicationContext
2021-07-19 00:59:50.865  INFO 11140 --- [restartedMain] w.s.c.ServletWebServerApplicationContext : Root WebApplicationContext: initialization completed in 449 ms
2021-07-19 00:59:50.891  INFO 11140 --- [restartedMain] o.hibernate.jpa.internal.util.LogHelper  : HHH000204: Processing PersistenceUnitInfo [name: default]
2021-07-19 00:59:50.896  INFO 11140 --- [restartedMain] com.zaxxer.hikari.HikariDataSource       : HikariPool-2 - Starting...
2021-07-19 00:59:50.933  INFO 11140 --- [restartedMain] com.zaxxer.hikari.HikariDataSource       : HikariPool-2 - Start completed.
2021-07-19 00:59:50.933  INFO 11140 --- [restartedMain] org.hibernate.dialect.Dialect            : HHH000400: Using dialect: org.hibernate.dialect.MySQL8Dialect
2021-07-19 00:59:51.078  INFO 11140 --- [restartedMain] o.h.e.t.j.p.i.JtaPlatformInitiator       : HHH000490: Using JtaPlatform implementation: [org.hibernate.engine.transaction.jta.platform.internal.NoJtaPlatform]
2021-07-19 00:59:51.079  INFO 11140 --- [restartedMain] j.LocalContainerEntityManagerFactoryBean : Initialized JPA EntityManagerFactory for persistence unit 'default'
2021-07-19 00:59:51.089  WARN 11140 --- [restartedMain] o.s.b.d.a.OptionalLiveReloadServer       : Unable to start LiveReload server
2021-07-19 00:59:51.115  WARN 11140 --- [restartedMain] JpaBaseConfiguration$JpaWebConfiguration : spring.jpa.open-in-view is enabled by default. Therefore, database queries may be performed during view rendering. Explicitly configure spring.jpa.open-in-view to disable this warning
2021-07-19 00:59:51.397  INFO 11140 --- [restartedMain] DiscoveryClientOptionalArgsConfiguration : Eureka HTTP Client uses RestTemplate.
2021-07-19 00:59:51.628  WARN 11140 --- [restartedMain] iguration$LoadBalancerCaffeineWarnLogger : Spring Cloud LoadBalancer is currently working with the default cache. You can switch to using Caffeine cache, by adding it and org.springframework.cache.caffeine.CaffeineCacheManager to the classpath.
2021-07-19 00:59:51.645  INFO 11140 --- [restartedMain] o.s.c.n.eureka.InstanceInfoFactory       : Setting initial instance status as: STARTING
2021-07-19 00:59:51.646  INFO 11140 --- [restartedMain] com.netflix.discovery.DiscoveryClient    : Initializing Eureka in region us-east-1
2021-07-19 00:59:51.647  INFO 11140 --- [restartedMain] c.n.d.s.r.aws.ConfigClusterResolver      : Resolving eureka endpoints via configuration
2021-07-19 00:59:51.658  INFO 11140 --- [restartedMain] com.netflix.discovery.DiscoveryClient    : Disable delta property : false
2021-07-19 00:59:51.658  INFO 11140 --- [restartedMain] com.netflix.discovery.DiscoveryClient    : Single vip registry refresh property : null
2021-07-19 00:59:51.658  INFO 11140 --- [restartedMain] com.netflix.discovery.DiscoveryClient    : Force full registry fetch : false
2021-07-19 00:59:51.658  INFO 11140 --- [restartedMain] com.netflix.discovery.DiscoveryClient    : Application is null : false
2021-07-19 00:59:51.658  INFO 11140 --- [restartedMain] com.netflix.discovery.DiscoveryClient    : Registered Applications size is zero : true
2021-07-19 00:59:51.658  INFO 11140 --- [restartedMain] com.netflix.discovery.DiscoveryClient    : Application version is -1: true
2021-07-19 00:59:51.658  INFO 11140 --- [restartedMain] com.netflix.discovery.DiscoveryClient    : Getting all instance registry info from the eureka server
2021-07-19 00:59:51.673  INFO 11140 --- [restartedMain] com.netflix.discovery.DiscoveryClient    : The response status is 200
2021-07-19 00:59:51.674  INFO 11140 --- [restartedMain] com.netflix.discovery.DiscoveryClient    : Starting heartbeat executor: renew interval is: 30
2021-07-19 00:59:51.674  INFO 11140 --- [restartedMain] c.n.discovery.InstanceInfoReplicator     : InstanceInfoReplicator onDemand update allowed rate per min is 4
2021-07-19 00:59:51.675  INFO 11140 --- [restartedMain] com.netflix.discovery.DiscoveryClient    : Discovery Client initialized at timestamp 1626636591675 with initial instances count: 6
2021-07-19 00:59:51.676  INFO 11140 --- [restartedMain] o.s.c.n.e.s.EurekaServiceRegistry        : Registering application FRONTEND-SERVICE with eureka with status UP
2021-07-19 00:59:51.676  INFO 11140 --- [restartedMain] com.netflix.discovery.DiscoveryClient    : Saw local status change event StatusChangeEvent [timestamp=1626636591676, current=UP, previous=STARTING]
2021-07-19 00:59:51.676  INFO 11140 --- [DiscoveryClient-InstanceInfoReplicator-0] com.netflix.discovery.DiscoveryClient    : DiscoveryClient_FRONTEND-SERVICE/DESKTOP-ISPQ5J4:FRONTEND-SERVICE:8084: registering service...
2021-07-19 00:59:51.680  INFO 11140 --- [restartedMain] o.s.b.w.embedded.tomcat.TomcatWebServer  : Tomcat started on port(s): 8084 (http) with context path ''
2021-07-19 00:59:51.681  INFO 11140 --- [restartedMain] .s.c.n.e.s.EurekaAutoServiceRegistration : Updating port to 8084
2021-07-19 00:59:51.686  INFO 11140 --- [DiscoveryClient-InstanceInfoReplicator-0] com.netflix.discovery.DiscoveryClient    : DiscoveryClient_FRONTEND-SERVICE/DESKTOP-ISPQ5J4:FRONTEND-SERVICE:8084 - registration status: 204
2021-07-19 00:59:51.896  INFO 11140 --- [restartedMain] com.cognizant.post.MyBlogsApplication    : Started MyBlogsApplication in 1.727 seconds (JVM running for 139.631)
2021-07-19 00:59:51.898  INFO 11140 --- [restartedMain] .ConditionEvaluationDeltaLoggingListener : Condition evaluation unchanged
2021-07-19 01:00:02.207  INFO 11140 --- [http-nio-8084-exec-1] o.a.c.c.C.[Tomcat].[localhost].[/]       : Initializing Spring DispatcherServlet 'dispatcherServlet'
2021-07-19 01:00:02.208  INFO 11140 --- [http-nio-8084-exec-1] o.s.web.servlet.DispatcherServlet        : Initializing Servlet 'dispatcherServlet'
2021-07-19 01:00:02.208  INFO 11140 --- [http-nio-8084-exec-1] o.s.web.servlet.DispatcherServlet        : Completed initialization in 0 ms
2021-07-19 01:00:02.217  INFO 11140 --- [http-nio-8084-exec-1] c.c.post.controllers.PostController      : Inside getLoginPage() of PostController
2021-07-19 01:00:09.230  INFO 11140 --- [http-nio-8084-exec-5] c.c.post.controllers.PostController      : Inside getProfilePage() of PostController
2021-07-19 01:00:09.230  INFO 11140 --- [http-nio-8084-exec-5] c.c.post.services.EmployeeService        : Inside findByEmailAndPassword() of EmployeeService
2021-07-19 01:00:10.261  INFO 11140 --- [http-nio-8084-exec-6] c.c.post.controllers.PostController      : Inside getHomePage() of PostController
2021-07-19 01:00:10.261  INFO 11140 --- [http-nio-8084-exec-6] c.c.post.controllers.PostController      : Inside getAllCategories() of PostController
2021-07-19 01:00:10.261  INFO 11140 --- [http-nio-8084-exec-6] c.c.post.services.EmployeeService        : Inside getAllCategories() of EmployeeService
2021-07-19 01:00:10.645  INFO 11140 --- [http-nio-8084-exec-6] c.c.post.controllers.PostController      : Inside getOfferOfEmployee() of PostController
2021-07-19 01:00:10.645  INFO 11140 --- [http-nio-8084-exec-6] c.c.post.services.EmployeeService        : Inside getOfferOfEmployee() of EmployeeService
2021-07-19 01:00:11.162  INFO 11140 --- [http-nio-8084-exec-6] c.c.post.services.EmployeeService        : Inside getPoints() of EmployeeService
2021-07-19 01:00:12.309  INFO 11140 --- [http-nio-8084-exec-9] c.c.post.controllers.PostController      : Inside getOffers() of PostController
2021-07-19 01:00:12.309  INFO 11140 --- [http-nio-8084-exec-9] c.c.post.services.EmployeeService        : Inside getOffers() of EmployeeService
2021-07-19 01:00:25.130  INFO 11140 --- [Thread-7] o.s.c.n.e.s.EurekaServiceRegistry        : Unregistering application FRONTEND-SERVICE with eureka with status DOWN
2021-07-19 01:00:25.130  INFO 11140 --- [Thread-7] com.netflix.discovery.DiscoveryClient    : Saw local status change event StatusChangeEvent [timestamp=1626636625130, current=DOWN, previous=UP]
2021-07-19 01:00:25.130  INFO 11140 --- [DiscoveryClient-InstanceInfoReplicator-0] com.netflix.discovery.DiscoveryClient    : DiscoveryClient_FRONTEND-SERVICE/DESKTOP-ISPQ5J4:FRONTEND-SERVICE:8084: registering service...
2021-07-19 01:00:25.144  INFO 11140 --- [DiscoveryClient-InstanceInfoReplicator-0] com.netflix.discovery.DiscoveryClient    : DiscoveryClient_FRONTEND-SERVICE/DESKTOP-ISPQ5J4:FRONTEND-SERVICE:8084 - registration status: 204
2021-07-19 01:00:25.299  INFO 11140 --- [Thread-7] j.LocalContainerEntityManagerFactoryBean : Closing JPA EntityManagerFactory for persistence unit 'default'
2021-07-19 01:00:25.300  INFO 11140 --- [Thread-7] com.zaxxer.hikari.HikariDataSource       : HikariPool-2 - Shutdown initiated...
2021-07-19 01:00:25.308  INFO 11140 --- [Thread-7] com.zaxxer.hikari.HikariDataSource       : HikariPool-2 - Shutdown completed.
2021-07-19 01:00:25.309  INFO 11140 --- [Thread-7] com.netflix.discovery.DiscoveryClient    : Shutting down DiscoveryClient ...
2021-07-19 01:00:28.311  INFO 11140 --- [Thread-7] com.netflix.discovery.DiscoveryClient    : Unregistering ...
2021-07-19 01:00:28.328  INFO 11140 --- [Thread-7] com.netflix.discovery.DiscoveryClient    : DiscoveryClient_FRONTEND-SERVICE/DESKTOP-ISPQ5J4:FRONTEND-SERVICE:8084 - deregister  status: 200
2021-07-19 01:00:28.331  INFO 11140 --- [Thread-7] com.netflix.discovery.DiscoveryClient    : Completed shut down of DiscoveryClient
2021-07-19 01:00:28.959  INFO 11140 --- [restartedMain] com.cognizant.post.MyBlogsApplication    : Starting MyBlogsApplication using Java 12.0.2 on DESKTOP-ISPQ5J4 with PID 11140 (D:\Application\Java_Eclipse_EE\my projects\my-blogs\target\classes started by shubham in D:\Application\Java_Eclipse_EE\my projects\my-blogs)
2021-07-19 01:00:28.959  INFO 11140 --- [restartedMain] com.cognizant.post.MyBlogsApplication    : No active profile set, falling back to default profiles: default
2021-07-19 01:00:30.260  INFO 11140 --- [restartedMain] .s.d.r.c.RepositoryConfigurationDelegate : Bootstrapping Spring Data JPA repositories in DEFAULT mode.
2021-07-19 01:00:30.261  INFO 11140 --- [restartedMain] .s.d.r.c.RepositoryConfigurationDelegate : Finished Spring Data repository scanning in 1 ms. Found 0 JPA repository interfaces.
2021-07-19 01:00:30.298  INFO 11140 --- [restartedMain] o.s.cloud.context.scope.GenericScope     : BeanFactory id=e445ca9a-392d-3b90-b465-13bc33360dca
2021-07-19 01:00:30.361  INFO 11140 --- [restartedMain] o.s.b.w.embedded.tomcat.TomcatWebServer  : Tomcat initialized with port(s): 8084 (http)
2021-07-19 01:00:30.361  INFO 11140 --- [restartedMain] o.apache.catalina.core.StandardService   : Starting service [Tomcat]
2021-07-19 01:00:30.361  INFO 11140 --- [restartedMain] org.apache.catalina.core.StandardEngine  : Starting Servlet engine: [Apache Tomcat/9.0.48]
2021-07-19 01:00:30.465  INFO 11140 --- [restartedMain] org.apache.jasper.servlet.TldScanner     : At least one JAR was scanned for TLDs yet contained no TLDs. Enable debug logging for this logger for a complete list of JARs that were scanned but no TLDs were found in them. Skipping unneeded JARs during scanning can improve startup time and JSP compilation time.
2021-07-19 01:00:30.467  INFO 11140 --- [restartedMain] o.a.c.c.C.[Tomcat].[localhost].[/]       : Initializing Spring embedded WebApplicationContext
2021-07-19 01:00:30.467  INFO 11140 --- [restartedMain] w.s.c.ServletWebServerApplicationContext : Root WebApplicationContext: initialization completed in 1506 ms
2021-07-19 01:00:30.501  INFO 11140 --- [restartedMain] o.hibernate.jpa.internal.util.LogHelper  : HHH000204: Processing PersistenceUnitInfo [name: default]
2021-07-19 01:00:30.506  INFO 11140 --- [restartedMain] com.zaxxer.hikari.HikariDataSource       : HikariPool-3 - Starting...
2021-07-19 01:00:30.522  INFO 11140 --- [restartedMain] com.zaxxer.hikari.HikariDataSource       : HikariPool-3 - Start completed.
2021-07-19 01:00:30.522  INFO 11140 --- [restartedMain] org.hibernate.dialect.Dialect            : HHH000400: Using dialect: org.hibernate.dialect.MySQL8Dialect
2021-07-19 01:00:31.652  INFO 11140 --- [restartedMain] o.h.e.t.j.p.i.JtaPlatformInitiator       : HHH000490: Using JtaPlatform implementation: [org.hibernate.engine.transaction.jta.platform.internal.NoJtaPlatform]
2021-07-19 01:00:31.652  INFO 11140 --- [restartedMain] j.LocalContainerEntityManagerFactoryBean : Initialized JPA EntityManagerFactory for persistence unit 'default'
2021-07-19 01:00:31.663  WARN 11140 --- [restartedMain] o.s.b.d.a.OptionalLiveReloadServer       : Unable to start LiveReload server
2021-07-19 01:00:31.686  WARN 11140 --- [restartedMain] JpaBaseConfiguration$JpaWebConfiguration : spring.jpa.open-in-view is enabled by default. Therefore, database queries may be performed during view rendering. Explicitly configure spring.jpa.open-in-view to disable this warning
2021-07-19 01:00:31.969  INFO 11140 --- [restartedMain] DiscoveryClientOptionalArgsConfiguration : Eureka HTTP Client uses RestTemplate.
2021-07-19 01:00:32.203  WARN 11140 --- [restartedMain] iguration$LoadBalancerCaffeineWarnLogger : Spring Cloud LoadBalancer is currently working with the default cache. You can switch to using Caffeine cache, by adding it and org.springframework.cache.caffeine.CaffeineCacheManager to the classpath.
2021-07-19 01:00:32.213  INFO 11140 --- [restartedMain] o.s.c.n.eureka.InstanceInfoFactory       : Setting initial instance status as: STARTING
2021-07-19 01:00:32.215  INFO 11140 --- [restartedMain] com.netflix.discovery.DiscoveryClient    : Initializing Eureka in region us-east-1
2021-07-19 01:00:32.215  INFO 11140 --- [restartedMain] c.n.d.s.r.aws.ConfigClusterResolver      : Resolving eureka endpoints via configuration
2021-07-19 01:00:32.216  INFO 11140 --- [restartedMain] com.netflix.discovery.DiscoveryClient    : Disable delta property : false
2021-07-19 01:00:32.216  INFO 11140 --- [restartedMain] com.netflix.discovery.DiscoveryClient    : Single vip registry refresh property : null
2021-07-19 01:00:32.216  INFO 11140 --- [restartedMain] com.netflix.discovery.DiscoveryClient    : Force full registry fetch : false
2021-07-19 01:00:32.216  INFO 11140 --- [restartedMain] com.netflix.discovery.DiscoveryClient    : Application is null : false
2021-07-19 01:00:32.216  INFO 11140 --- [restartedMain] com.netflix.discovery.DiscoveryClient    : Registered Applications size is zero : true
2021-07-19 01:00:32.216  INFO 11140 --- [restartedMain] com.netflix.discovery.DiscoveryClient    : Application version is -1: true
2021-07-19 01:00:32.216  INFO 11140 --- [restartedMain] com.netflix.discovery.DiscoveryClient    : Getting all instance registry info from the eureka server
2021-07-19 01:00:32.227  INFO 11140 --- [restartedMain] com.netflix.discovery.DiscoveryClient    : The response status is 200
2021-07-19 01:00:32.228  INFO 11140 --- [restartedMain] com.netflix.discovery.DiscoveryClient    : Starting heartbeat executor: renew interval is: 30
2021-07-19 01:00:32.228  INFO 11140 --- [restartedMain] c.n.discovery.InstanceInfoReplicator     : InstanceInfoReplicator onDemand update allowed rate per min is 4
2021-07-19 01:00:32.229  INFO 11140 --- [restartedMain] com.netflix.discovery.DiscoveryClient    : Discovery Client initialized at timestamp 1626636632229 with initial instances count: 5
2021-07-19 01:00:32.230  INFO 11140 --- [restartedMain] o.s.c.n.e.s.EurekaServiceRegistry        : Registering application FRONTEND-SERVICE with eureka with status UP
2021-07-19 01:00:32.230  INFO 11140 --- [restartedMain] com.netflix.discovery.DiscoveryClient    : Saw local status change event StatusChangeEvent [timestamp=1626636632230, current=UP, previous=STARTING]
2021-07-19 01:00:32.231  INFO 11140 --- [DiscoveryClient-InstanceInfoReplicator-0] com.netflix.discovery.DiscoveryClient    : DiscoveryClient_FRONTEND-SERVICE/DESKTOP-ISPQ5J4:FRONTEND-SERVICE:8084: registering service...
2021-07-19 01:00:32.235  INFO 11140 --- [restartedMain] o.s.b.w.embedded.tomcat.TomcatWebServer  : Tomcat started on port(s): 8084 (http) with context path ''
2021-07-19 01:00:32.236  INFO 11140 --- [restartedMain] .s.c.n.e.s.EurekaAutoServiceRegistration : Updating port to 8084
2021-07-19 01:00:32.246  INFO 11140 --- [DiscoveryClient-InstanceInfoReplicator-0] com.netflix.discovery.DiscoveryClient    : DiscoveryClient_FRONTEND-SERVICE/DESKTOP-ISPQ5J4:FRONTEND-SERVICE:8084 - registration status: 204
2021-07-19 01:00:32.341  INFO 11140 --- [http-nio-8084-exec-1] o.a.c.c.C.[Tomcat].[localhost].[/]       : Initializing Spring DispatcherServlet 'dispatcherServlet'
2021-07-19 01:00:32.342  INFO 11140 --- [http-nio-8084-exec-1] o.s.web.servlet.DispatcherServlet        : Initializing Servlet 'dispatcherServlet'
2021-07-19 01:00:32.342  INFO 11140 --- [http-nio-8084-exec-1] o.s.web.servlet.DispatcherServlet        : Completed initialization in 0 ms
2021-07-19 01:00:32.352  INFO 11140 --- [http-nio-8084-exec-1] c.c.post.controllers.PostController      : Inside getHomePage() of PostController
2021-07-19 01:00:32.361  INFO 11140 --- [http-nio-8084-exec-2] c.c.post.controllers.PostController      : Inside getLoginPage() of PostController
2021-07-19 01:00:32.466  INFO 11140 --- [restartedMain] com.cognizant.post.MyBlogsApplication    : Started MyBlogsApplication in 3.793 seconds (JVM running for 180.2)
2021-07-19 01:00:32.466  INFO 11140 --- [restartedMain] .ConditionEvaluationDeltaLoggingListener : Condition evaluation unchanged
2021-07-19 01:00:41.200  INFO 11140 --- [http-nio-8084-exec-7] c.c.post.controllers.PostController      : Inside getProfilePage() of PostController
2021-07-19 01:00:41.200  INFO 11140 --- [http-nio-8084-exec-7] c.c.post.services.EmployeeService        : Inside findByEmailAndPassword() of EmployeeService
2021-07-19 01:00:41.229  INFO 11140 --- [http-nio-8084-exec-8] c.c.post.controllers.PostController      : Inside getHomePage() of PostController
2021-07-19 01:00:41.229  INFO 11140 --- [http-nio-8084-exec-8] c.c.post.controllers.PostController      : Inside getAllCategories() of PostController
2021-07-19 01:00:41.229  INFO 11140 --- [http-nio-8084-exec-8] c.c.post.services.EmployeeService        : Inside getAllCategories() of EmployeeService
2021-07-19 01:00:41.246  INFO 11140 --- [http-nio-8084-exec-8] c.c.post.controllers.PostController      : Inside getOfferOfEmployee() of PostController
2021-07-19 01:00:41.246  INFO 11140 --- [http-nio-8084-exec-8] c.c.post.services.EmployeeService        : Inside getOfferOfEmployee() of EmployeeService
2021-07-19 01:00:41.259  INFO 11140 --- [http-nio-8084-exec-8] c.c.post.services.EmployeeService        : Inside getPoints() of EmployeeService
2021-07-19 01:00:41.497  INFO 11140 --- [http-nio-8084-exec-10] c.c.post.controllers.PostController      : Inside getOffers() of PostController
2021-07-19 01:00:41.497  INFO 11140 --- [http-nio-8084-exec-10] c.c.post.services.EmployeeService        : Inside getOffers() of EmployeeService
2021-07-19 01:01:03.615  INFO 11140 --- [Thread-13] o.s.c.n.e.s.EurekaServiceRegistry        : Unregistering application FRONTEND-SERVICE with eureka with status DOWN
2021-07-19 01:01:03.615  INFO 11140 --- [Thread-13] com.netflix.discovery.DiscoveryClient    : Saw local status change event StatusChangeEvent [timestamp=1626636663615, current=DOWN, previous=UP]
2021-07-19 01:01:03.616  INFO 11140 --- [DiscoveryClient-InstanceInfoReplicator-0] com.netflix.discovery.DiscoveryClient    : DiscoveryClient_FRONTEND-SERVICE/DESKTOP-ISPQ5J4:FRONTEND-SERVICE:8084: registering service...
2021-07-19 01:01:03.624  INFO 11140 --- [DiscoveryClient-InstanceInfoReplicator-0] com.netflix.discovery.DiscoveryClient    : DiscoveryClient_FRONTEND-SERVICE/DESKTOP-ISPQ5J4:FRONTEND-SERVICE:8084 - registration status: 204
2021-07-19 01:01:03.786  INFO 11140 --- [Thread-13] j.LocalContainerEntityManagerFactoryBean : Closing JPA EntityManagerFactory for persistence unit 'default'
2021-07-19 01:01:03.787  INFO 11140 --- [Thread-13] com.zaxxer.hikari.HikariDataSource       : HikariPool-3 - Shutdown initiated...
2021-07-19 01:01:03.795  INFO 11140 --- [Thread-13] com.zaxxer.hikari.HikariDataSource       : HikariPool-3 - Shutdown completed.
2021-07-19 01:01:03.795  INFO 11140 --- [Thread-13] com.netflix.discovery.DiscoveryClient    : Shutting down DiscoveryClient ...
2021-07-19 01:01:06.809  INFO 11140 --- [Thread-13] com.netflix.discovery.DiscoveryClient    : Unregistering ...
2021-07-19 01:01:06.828  INFO 11140 --- [Thread-13] com.netflix.discovery.DiscoveryClient    : DiscoveryClient_FRONTEND-SERVICE/DESKTOP-ISPQ5J4:FRONTEND-SERVICE:8084 - deregister  status: 200
2021-07-19 01:01:06.832  INFO 11140 --- [Thread-13] com.netflix.discovery.DiscoveryClient    : Completed shut down of DiscoveryClient
2021-07-19 01:01:07.149  INFO 11140 --- [restartedMain] com.cognizant.post.MyBlogsApplication    : Starting MyBlogsApplication using Java 12.0.2 on DESKTOP-ISPQ5J4 with PID 11140 (D:\Application\Java_Eclipse_EE\my projects\my-blogs\target\classes started by shubham in D:\Application\Java_Eclipse_EE\my projects\my-blogs)
2021-07-19 01:01:07.149  INFO 11140 --- [restartedMain] com.cognizant.post.MyBlogsApplication    : No active profile set, falling back to default profiles: default
2021-07-19 01:01:07.322  INFO 11140 --- [restartedMain] .s.d.r.c.RepositoryConfigurationDelegate : Bootstrapping Spring Data JPA repositories in DEFAULT mode.
2021-07-19 01:01:07.324  INFO 11140 --- [restartedMain] .s.d.r.c.RepositoryConfigurationDelegate : Finished Spring Data repository scanning in 1 ms. Found 0 JPA repository interfaces.
2021-07-19 01:01:07.360  INFO 11140 --- [restartedMain] o.s.cloud.context.scope.GenericScope     : BeanFactory id=e445ca9a-392d-3b90-b465-13bc33360dca
2021-07-19 01:01:07.412  INFO 11140 --- [restartedMain] o.s.b.w.embedded.tomcat.TomcatWebServer  : Tomcat initialized with port(s): 8084 (http)
2021-07-19 01:01:07.413  INFO 11140 --- [restartedMain] o.apache.catalina.core.StandardService   : Starting service [Tomcat]
2021-07-19 01:01:07.413  INFO 11140 --- [restartedMain] org.apache.catalina.core.StandardEngine  : Starting Servlet engine: [Apache Tomcat/9.0.48]
2021-07-19 01:01:07.506  INFO 11140 --- [restartedMain] org.apache.jasper.servlet.TldScanner     : At least one JAR was scanned for TLDs yet contained no TLDs. Enable debug logging for this logger for a complete list of JARs that were scanned but no TLDs were found in them. Skipping unneeded JARs during scanning can improve startup time and JSP compilation time.
2021-07-19 01:01:07.507  INFO 11140 --- [restartedMain] o.a.c.c.C.[Tomcat].[localhost].[/]       : Initializing Spring embedded WebApplicationContext
2021-07-19 01:01:07.507  INFO 11140 --- [restartedMain] w.s.c.ServletWebServerApplicationContext : Root WebApplicationContext: initialization completed in 357 ms
2021-07-19 01:01:07.532  INFO 11140 --- [restartedMain] o.hibernate.jpa.internal.util.LogHelper  : HHH000204: Processing PersistenceUnitInfo [name: default]
2021-07-19 01:01:07.536  INFO 11140 --- [restartedMain] com.zaxxer.hikari.HikariDataSource       : HikariPool-4 - Starting...
2021-07-19 01:01:07.547  INFO 11140 --- [restartedMain] com.zaxxer.hikari.HikariDataSource       : HikariPool-4 - Start completed.
2021-07-19 01:01:07.548  INFO 11140 --- [restartedMain] org.hibernate.dialect.Dialect            : HHH000400: Using dialect: org.hibernate.dialect.MySQL8Dialect
2021-07-19 01:01:07.615  INFO 11140 --- [restartedMain] o.h.e.t.j.p.i.JtaPlatformInitiator       : HHH000490: Using JtaPlatform implementation: [org.hibernate.engine.transaction.jta.platform.internal.NoJtaPlatform]
2021-07-19 01:01:07.616  INFO 11140 --- [restartedMain] j.LocalContainerEntityManagerFactoryBean : Initialized JPA EntityManagerFactory for persistence unit 'default'
2021-07-19 01:01:07.625  WARN 11140 --- [restartedMain] o.s.b.d.a.OptionalLiveReloadServer       : Unable to start LiveReload server
2021-07-19 01:01:07.649  WARN 11140 --- [restartedMain] JpaBaseConfiguration$JpaWebConfiguration : spring.jpa.open-in-view is enabled by default. Therefore, database queries may be performed during view rendering. Explicitly configure spring.jpa.open-in-view to disable this warning
2021-07-19 01:01:07.944  INFO 11140 --- [restartedMain] DiscoveryClientOptionalArgsConfiguration : Eureka HTTP Client uses RestTemplate.
2021-07-19 01:01:08.188  WARN 11140 --- [restartedMain] iguration$LoadBalancerCaffeineWarnLogger : Spring Cloud LoadBalancer is currently working with the default cache. You can switch to using Caffeine cache, by adding it and org.springframework.cache.caffeine.CaffeineCacheManager to the classpath.
2021-07-19 01:01:08.200  INFO 11140 --- [restartedMain] o.s.c.n.eureka.InstanceInfoFactory       : Setting initial instance status as: STARTING
2021-07-19 01:01:08.201  INFO 11140 --- [restartedMain] com.netflix.discovery.DiscoveryClient    : Initializing Eureka in region us-east-1
2021-07-19 01:01:08.202  INFO 11140 --- [restartedMain] c.n.d.s.r.aws.ConfigClusterResolver      : Resolving eureka endpoints via configuration
2021-07-19 01:01:08.202  INFO 11140 --- [restartedMain] com.netflix.discovery.DiscoveryClient    : Disable delta property : false
2021-07-19 01:01:08.202  INFO 11140 --- [restartedMain] com.netflix.discovery.DiscoveryClient    : Single vip registry refresh property : null
2021-07-19 01:01:08.202  INFO 11140 --- [restartedMain] com.netflix.discovery.DiscoveryClient    : Force full registry fetch : false
2021-07-19 01:01:08.202  INFO 11140 --- [restartedMain] com.netflix.discovery.DiscoveryClient    : Application is null : false
2021-07-19 01:01:08.202  INFO 11140 --- [restartedMain] com.netflix.discovery.DiscoveryClient    : Registered Applications size is zero : true
2021-07-19 01:01:08.202  INFO 11140 --- [restartedMain] com.netflix.discovery.DiscoveryClient    : Application version is -1: true
2021-07-19 01:01:08.202  INFO 11140 --- [restartedMain] com.netflix.discovery.DiscoveryClient    : Getting all instance registry info from the eureka server
2021-07-19 01:01:08.216  INFO 11140 --- [restartedMain] com.netflix.discovery.DiscoveryClient    : The response status is 200
2021-07-19 01:01:08.216  INFO 11140 --- [restartedMain] com.netflix.discovery.DiscoveryClient    : Starting heartbeat executor: renew interval is: 30
2021-07-19 01:01:08.217  INFO 11140 --- [restartedMain] c.n.discovery.InstanceInfoReplicator     : InstanceInfoReplicator onDemand update allowed rate per min is 4
2021-07-19 01:01:08.217  INFO 11140 --- [restartedMain] com.netflix.discovery.DiscoveryClient    : Discovery Client initialized at timestamp 1626636668217 with initial instances count: 6
2021-07-19 01:01:08.218  INFO 11140 --- [restartedMain] o.s.c.n.e.s.EurekaServiceRegistry        : Registering application FRONTEND-SERVICE with eureka with status UP
2021-07-19 01:01:08.218  INFO 11140 --- [restartedMain] com.netflix.discovery.DiscoveryClient    : Saw local status change event StatusChangeEvent [timestamp=1626636668218, current=UP, previous=STARTING]
2021-07-19 01:01:08.219  INFO 11140 --- [DiscoveryClient-InstanceInfoReplicator-0] com.netflix.discovery.DiscoveryClient    : DiscoveryClient_FRONTEND-SERVICE/DESKTOP-ISPQ5J4:FRONTEND-SERVICE:8084: registering service...
2021-07-19 01:01:08.222  INFO 11140 --- [restartedMain] o.s.b.w.embedded.tomcat.TomcatWebServer  : Tomcat started on port(s): 8084 (http) with context path ''
2021-07-19 01:01:08.223  INFO 11140 --- [restartedMain] .s.c.n.e.s.EurekaAutoServiceRegistration : Updating port to 8084
2021-07-19 01:01:08.231  INFO 11140 --- [DiscoveryClient-InstanceInfoReplicator-0] com.netflix.discovery.DiscoveryClient    : DiscoveryClient_FRONTEND-SERVICE/DESKTOP-ISPQ5J4:FRONTEND-SERVICE:8084 - registration status: 204
2021-07-19 01:01:08.449  INFO 11140 --- [restartedMain] com.cognizant.post.MyBlogsApplication    : Started MyBlogsApplication in 1.545 seconds (JVM running for 216.184)
2021-07-19 01:01:08.450  INFO 11140 --- [restartedMain] .ConditionEvaluationDeltaLoggingListener : Condition evaluation unchanged
2021-07-19 01:01:15.271  INFO 11140 --- [Thread-19] o.s.c.n.e.s.EurekaServiceRegistry        : Unregistering application FRONTEND-SERVICE with eureka with status DOWN
2021-07-19 01:01:15.271  INFO 11140 --- [Thread-19] com.netflix.discovery.DiscoveryClient    : Saw local status change event StatusChangeEvent [timestamp=1626636675271, current=DOWN, previous=UP]
2021-07-19 01:01:15.271  INFO 11140 --- [DiscoveryClient-InstanceInfoReplicator-0] com.netflix.discovery.DiscoveryClient    : DiscoveryClient_FRONTEND-SERVICE/DESKTOP-ISPQ5J4:FRONTEND-SERVICE:8084: registering service...
2021-07-19 01:01:15.281  INFO 11140 --- [DiscoveryClient-InstanceInfoReplicator-0] com.netflix.discovery.DiscoveryClient    : DiscoveryClient_FRONTEND-SERVICE/DESKTOP-ISPQ5J4:FRONTEND-SERVICE:8084 - registration status: 204
2021-07-19 01:01:15.425  INFO 11140 --- [Thread-19] j.LocalContainerEntityManagerFactoryBean : Closing JPA EntityManagerFactory for persistence unit 'default'
2021-07-19 01:01:15.426  INFO 11140 --- [Thread-19] com.zaxxer.hikari.HikariDataSource       : HikariPool-4 - Shutdown initiated...
2021-07-19 01:01:15.433  INFO 11140 --- [Thread-19] com.zaxxer.hikari.HikariDataSource       : HikariPool-4 - Shutdown completed.
2021-07-19 01:01:15.433  INFO 11140 --- [Thread-19] com.netflix.discovery.DiscoveryClient    : Shutting down DiscoveryClient ...
2021-07-19 01:01:18.437  INFO 11140 --- [Thread-19] com.netflix.discovery.DiscoveryClient    : Unregistering ...
2021-07-19 01:01:18.453  INFO 11140 --- [Thread-19] com.netflix.discovery.DiscoveryClient    : DiscoveryClient_FRONTEND-SERVICE/DESKTOP-ISPQ5J4:FRONTEND-SERVICE:8084 - deregister  status: 200
2021-07-19 01:01:18.456  INFO 11140 --- [Thread-19] com.netflix.discovery.DiscoveryClient    : Completed shut down of DiscoveryClient
2021-07-19 01:01:18.761  INFO 11140 --- [restartedMain] com.cognizant.post.MyBlogsApplication    : Starting MyBlogsApplication using Java 12.0.2 on DESKTOP-ISPQ5J4 with PID 11140 (D:\Application\Java_Eclipse_EE\my projects\my-blogs\target\classes started by shubham in D:\Application\Java_Eclipse_EE\my projects\my-blogs)
2021-07-19 01:01:18.761  INFO 11140 --- [restartedMain] com.cognizant.post.MyBlogsApplication    : No active profile set, falling back to default profiles: default
2021-07-19 01:01:18.897  INFO 11140 --- [restartedMain] .s.d.r.c.RepositoryConfigurationDelegate : Bootstrapping Spring Data JPA repositories in DEFAULT mode.
2021-07-19 01:01:18.897  INFO 11140 --- [restartedMain] .s.d.r.c.RepositoryConfigurationDelegate : Finished Spring Data repository scanning in 1 ms. Found 0 JPA repository interfaces.
2021-07-19 01:01:18.939  INFO 11140 --- [restartedMain] o.s.cloud.context.scope.GenericScope     : BeanFactory id=e445ca9a-392d-3b90-b465-13bc33360dca
2021-07-19 01:01:18.992  INFO 11140 --- [restartedMain] o.s.b.w.embedded.tomcat.TomcatWebServer  : Tomcat initialized with port(s): 8084 (http)
2021-07-19 01:01:18.993  INFO 11140 --- [restartedMain] o.apache.catalina.core.StandardService   : Starting service [Tomcat]
2021-07-19 01:01:18.993  INFO 11140 --- [restartedMain] org.apache.catalina.core.StandardEngine  : Starting Servlet engine: [Apache Tomcat/9.0.48]
2021-07-19 01:01:19.087  INFO 11140 --- [restartedMain] org.apache.jasper.servlet.TldScanner     : At least one JAR was scanned for TLDs yet contained no TLDs. Enable debug logging for this logger for a complete list of JARs that were scanned but no TLDs were found in them. Skipping unneeded JARs during scanning can improve startup time and JSP compilation time.
2021-07-19 01:01:19.089  INFO 11140 --- [restartedMain] o.a.c.c.C.[Tomcat].[localhost].[/]       : Initializing Spring embedded WebApplicationContext
2021-07-19 01:01:19.089  INFO 11140 --- [restartedMain] w.s.c.ServletWebServerApplicationContext : Root WebApplicationContext: initialization completed in 326 ms
2021-07-19 01:01:19.115  INFO 11140 --- [restartedMain] o.hibernate.jpa.internal.util.LogHelper  : HHH000204: Processing PersistenceUnitInfo [name: default]
2021-07-19 01:01:19.120  INFO 11140 --- [restartedMain] com.zaxxer.hikari.HikariDataSource       : HikariPool-5 - Starting...
2021-07-19 01:01:19.131  INFO 11140 --- [restartedMain] com.zaxxer.hikari.HikariDataSource       : HikariPool-5 - Start completed.
2021-07-19 01:01:19.131  INFO 11140 --- [restartedMain] org.hibernate.dialect.Dialect            : HHH000400: Using dialect: org.hibernate.dialect.MySQL8Dialect
2021-07-19 01:01:19.151  INFO 11140 --- [restartedMain] o.h.e.t.j.p.i.JtaPlatformInitiator       : HHH000490: Using JtaPlatform implementation: [org.hibernate.engine.transaction.jta.platform.internal.NoJtaPlatform]
2021-07-19 01:01:19.151  INFO 11140 --- [restartedMain] j.LocalContainerEntityManagerFactoryBean : Initialized JPA EntityManagerFactory for persistence unit 'default'
2021-07-19 01:01:19.161  WARN 11140 --- [restartedMain] o.s.b.d.a.OptionalLiveReloadServer       : Unable to start LiveReload server
2021-07-19 01:01:19.183  WARN 11140 --- [restartedMain] JpaBaseConfiguration$JpaWebConfiguration : spring.jpa.open-in-view is enabled by default. Therefore, database queries may be performed during view rendering. Explicitly configure spring.jpa.open-in-view to disable this warning
2021-07-19 01:01:19.484  INFO 11140 --- [restartedMain] DiscoveryClientOptionalArgsConfiguration : Eureka HTTP Client uses RestTemplate.
2021-07-19 01:01:19.714  WARN 11140 --- [restartedMain] iguration$LoadBalancerCaffeineWarnLogger : Spring Cloud LoadBalancer is currently working with the default cache. You can switch to using Caffeine cache, by adding it and org.springframework.cache.caffeine.CaffeineCacheManager to the classpath.
2021-07-19 01:01:19.723  INFO 11140 --- [restartedMain] o.s.c.n.eureka.InstanceInfoFactory       : Setting initial instance status as: STARTING
2021-07-19 01:01:19.724  INFO 11140 --- [restartedMain] com.netflix.discovery.DiscoveryClient    : Initializing Eureka in region us-east-1
2021-07-19 01:01:19.725  INFO 11140 --- [restartedMain] c.n.d.s.r.aws.ConfigClusterResolver      : Resolving eureka endpoints via configuration
2021-07-19 01:01:19.725  INFO 11140 --- [restartedMain] com.netflix.discovery.DiscoveryClient    : Disable delta property : false
2021-07-19 01:01:19.725  INFO 11140 --- [restartedMain] com.netflix.discovery.DiscoveryClient    : Single vip registry refresh property : null
2021-07-19 01:01:19.725  INFO 11140 --- [restartedMain] com.netflix.discovery.DiscoveryClient    : Force full registry fetch : false
2021-07-19 01:01:19.725  INFO 11140 --- [restartedMain] com.netflix.discovery.DiscoveryClient    : Application is null : false
2021-07-19 01:01:19.725  INFO 11140 --- [restartedMain] com.netflix.discovery.DiscoveryClient    : Registered Applications size is zero : true
2021-07-19 01:01:19.725  INFO 11140 --- [restartedMain] com.netflix.discovery.DiscoveryClient    : Application version is -1: true
2021-07-19 01:01:19.725  INFO 11140 --- [restartedMain] com.netflix.discovery.DiscoveryClient    : Getting all instance registry info from the eureka server
2021-07-19 01:01:19.735  INFO 11140 --- [restartedMain] com.netflix.discovery.DiscoveryClient    : The response status is 200
2021-07-19 01:01:19.736  INFO 11140 --- [restartedMain] com.netflix.discovery.DiscoveryClient    : Starting heartbeat executor: renew interval is: 30
2021-07-19 01:01:19.736  INFO 11140 --- [restartedMain] c.n.discovery.InstanceInfoReplicator     : InstanceInfoReplicator onDemand update allowed rate per min is 4
2021-07-19 01:01:19.736  INFO 11140 --- [restartedMain] com.netflix.discovery.DiscoveryClient    : Discovery Client initialized at timestamp 1626636679736 with initial instances count: 6
2021-07-19 01:01:19.737  INFO 11140 --- [restartedMain] o.s.c.n.e.s.EurekaServiceRegistry        : Registering application FRONTEND-SERVICE with eureka with status UP
2021-07-19 01:01:19.737  INFO 11140 --- [restartedMain] com.netflix.discovery.DiscoveryClient    : Saw local status change event StatusChangeEvent [timestamp=1626636679737, current=UP, previous=STARTING]
2021-07-19 01:01:19.738  INFO 11140 --- [DiscoveryClient-InstanceInfoReplicator-0] com.netflix.discovery.DiscoveryClient    : DiscoveryClient_FRONTEND-SERVICE/DESKTOP-ISPQ5J4:FRONTEND-SERVICE:8084: registering service...
2021-07-19 01:01:19.742  INFO 11140 --- [restartedMain] o.s.b.w.embedded.tomcat.TomcatWebServer  : Tomcat started on port(s): 8084 (http) with context path ''
2021-07-19 01:01:19.742  INFO 11140 --- [restartedMain] .s.c.n.e.s.EurekaAutoServiceRegistration : Updating port to 8084
2021-07-19 01:01:19.747  INFO 11140 --- [DiscoveryClient-InstanceInfoReplicator-0] com.netflix.discovery.DiscoveryClient    : DiscoveryClient_FRONTEND-SERVICE/DESKTOP-ISPQ5J4:FRONTEND-SERVICE:8084 - registration status: 204
2021-07-19 01:01:19.966  INFO 11140 --- [restartedMain] com.cognizant.post.MyBlogsApplication    : Started MyBlogsApplication in 1.453 seconds (JVM running for 227.701)
2021-07-19 01:01:19.967  INFO 11140 --- [restartedMain] .ConditionEvaluationDeltaLoggingListener : Condition evaluation unchanged
2021-07-19 01:01:20.150  INFO 11140 --- [http-nio-8084-exec-1] o.a.c.c.C.[Tomcat].[localhost].[/]       : Initializing Spring DispatcherServlet 'dispatcherServlet'
2021-07-19 01:01:20.150  INFO 11140 --- [http-nio-8084-exec-1] o.s.web.servlet.DispatcherServlet        : Initializing Servlet 'dispatcherServlet'
2021-07-19 01:01:20.152  INFO 11140 --- [http-nio-8084-exec-1] o.s.web.servlet.DispatcherServlet        : Completed initialization in 2 ms
2021-07-19 01:01:20.163  INFO 11140 --- [http-nio-8084-exec-1] c.c.post.controllers.PostController      : Inside getHomePage() of PostController
2021-07-19 01:01:20.171  INFO 11140 --- [http-nio-8084-exec-2] c.c.post.controllers.PostController      : Inside getLoginPage() of PostController
2021-07-19 01:01:20.669  INFO 11140 --- [Thread-25] o.s.c.n.e.s.EurekaServiceRegistry        : Unregistering application FRONTEND-SERVICE with eureka with status DOWN
2021-07-19 01:01:20.669  INFO 11140 --- [Thread-25] com.netflix.discovery.DiscoveryClient    : Saw local status change event StatusChangeEvent [timestamp=1626636680669, current=DOWN, previous=UP]
2021-07-19 01:01:20.669  INFO 11140 --- [DiscoveryClient-InstanceInfoReplicator-0] com.netflix.discovery.DiscoveryClient    : DiscoveryClient_FRONTEND-SERVICE/DESKTOP-ISPQ5J4:FRONTEND-SERVICE:8084: registering service...
2021-07-19 01:01:20.672  INFO 11140 --- [DiscoveryClient-InstanceInfoReplicator-0] com.netflix.discovery.DiscoveryClient    : DiscoveryClient_FRONTEND-SERVICE/DESKTOP-ISPQ5J4:FRONTEND-SERVICE:8084 - registration status: 204
2021-07-19 01:01:20.852  INFO 11140 --- [Thread-25] j.LocalContainerEntityManagerFactoryBean : Closing JPA EntityManagerFactory for persistence unit 'default'
2021-07-19 01:01:20.853  INFO 11140 --- [Thread-25] com.zaxxer.hikari.HikariDataSource       : HikariPool-5 - Shutdown initiated...
2021-07-19 01:01:20.861  INFO 11140 --- [Thread-25] com.zaxxer.hikari.HikariDataSource       : HikariPool-5 - Shutdown completed.
2021-07-19 01:01:20.862  INFO 11140 --- [Thread-25] com.netflix.discovery.DiscoveryClient    : Shutting down DiscoveryClient ...
2021-07-19 01:01:23.866  INFO 11140 --- [Thread-25] com.netflix.discovery.DiscoveryClient    : Unregistering ...
2021-07-19 01:01:23.884  INFO 11140 --- [Thread-25] com.netflix.discovery.DiscoveryClient    : DiscoveryClient_FRONTEND-SERVICE/DESKTOP-ISPQ5J4:FRONTEND-SERVICE:8084 - deregister  status: 200
2021-07-19 01:01:23.888  INFO 11140 --- [Thread-25] com.netflix.discovery.DiscoveryClient    : Completed shut down of DiscoveryClient
2021-07-19 01:01:24.184  INFO 11140 --- [restartedMain] com.cognizant.post.MyBlogsApplication    : Starting MyBlogsApplication using Java 12.0.2 on DESKTOP-ISPQ5J4 with PID 11140 (D:\Application\Java_Eclipse_EE\my projects\my-blogs\target\classes started by shubham in D:\Application\Java_Eclipse_EE\my projects\my-blogs)
2021-07-19 01:01:24.184  INFO 11140 --- [restartedMain] com.cognizant.post.MyBlogsApplication    : No active profile set, falling back to default profiles: default
2021-07-19 01:01:24.324  INFO 11140 --- [restartedMain] .s.d.r.c.RepositoryConfigurationDelegate : Bootstrapping Spring Data JPA repositories in DEFAULT mode.
2021-07-19 01:01:24.325  INFO 11140 --- [restartedMain] .s.d.r.c.RepositoryConfigurationDelegate : Finished Spring Data repository scanning in 1 ms. Found 0 JPA repository interfaces.
2021-07-19 01:01:24.369  INFO 11140 --- [restartedMain] o.s.cloud.context.scope.GenericScope     : BeanFactory id=e445ca9a-392d-3b90-b465-13bc33360dca
2021-07-19 01:01:24.423  INFO 11140 --- [restartedMain] o.s.b.w.embedded.tomcat.TomcatWebServer  : Tomcat initialized with port(s): 8084 (http)
2021-07-19 01:01:24.424  INFO 11140 --- [restartedMain] o.apache.catalina.core.StandardService   : Starting service [Tomcat]
2021-07-19 01:01:24.424  INFO 11140 --- [restartedMain] org.apache.catalina.core.StandardEngine  : Starting Servlet engine: [Apache Tomcat/9.0.48]
2021-07-19 01:01:24.522  INFO 11140 --- [restartedMain] org.apache.jasper.servlet.TldScanner     : At least one JAR was scanned for TLDs yet contained no TLDs. Enable debug logging for this logger for a complete list of JARs that were scanned but no TLDs were found in them. Skipping unneeded JARs during scanning can improve startup time and JSP compilation time.
2021-07-19 01:01:24.524  INFO 11140 --- [restartedMain] o.a.c.c.C.[Tomcat].[localhost].[/]       : Initializing Spring embedded WebApplicationContext
2021-07-19 01:01:24.524  INFO 11140 --- [restartedMain] w.s.c.ServletWebServerApplicationContext : Root WebApplicationContext: initialization completed in 338 ms
2021-07-19 01:01:24.550  INFO 11140 --- [restartedMain] o.hibernate.jpa.internal.util.LogHelper  : HHH000204: Processing PersistenceUnitInfo [name: default]
2021-07-19 01:01:24.555  INFO 11140 --- [restartedMain] com.zaxxer.hikari.HikariDataSource       : HikariPool-6 - Starting...
2021-07-19 01:01:24.565  INFO 11140 --- [restartedMain] com.zaxxer.hikari.HikariDataSource       : HikariPool-6 - Start completed.
2021-07-19 01:01:24.565  INFO 11140 --- [restartedMain] org.hibernate.dialect.Dialect            : HHH000400: Using dialect: org.hibernate.dialect.MySQL8Dialect
2021-07-19 01:01:24.603  INFO 11140 --- [restartedMain] o.h.e.t.j.p.i.JtaPlatformInitiator       : HHH000490: Using JtaPlatform implementation: [org.hibernate.engine.transaction.jta.platform.internal.NoJtaPlatform]
2021-07-19 01:01:24.604  INFO 11140 --- [restartedMain] j.LocalContainerEntityManagerFactoryBean : Initialized JPA EntityManagerFactory for persistence unit 'default'
2021-07-19 01:01:24.614  WARN 11140 --- [restartedMain] o.s.b.d.a.OptionalLiveReloadServer       : Unable to start LiveReload server
2021-07-19 01:01:24.638  WARN 11140 --- [restartedMain] JpaBaseConfiguration$JpaWebConfiguration : spring.jpa.open-in-view is enabled by default. Therefore, database queries may be performed during view rendering. Explicitly configure spring.jpa.open-in-view to disable this warning
2021-07-19 01:01:24.920  INFO 11140 --- [restartedMain] DiscoveryClientOptionalArgsConfiguration : Eureka HTTP Client uses RestTemplate.
2021-07-19 01:01:25.138  WARN 11140 --- [restartedMain] iguration$LoadBalancerCaffeineWarnLogger : Spring Cloud LoadBalancer is currently working with the default cache. You can switch to using Caffeine cache, by adding it and org.springframework.cache.caffeine.CaffeineCacheManager to the classpath.
2021-07-19 01:01:25.147  INFO 11140 --- [restartedMain] o.s.c.n.eureka.InstanceInfoFactory       : Setting initial instance status as: STARTING
2021-07-19 01:01:25.148  INFO 11140 --- [restartedMain] com.netflix.discovery.DiscoveryClient    : Initializing Eureka in region us-east-1
2021-07-19 01:01:25.148  INFO 11140 --- [restartedMain] c.n.d.s.r.aws.ConfigClusterResolver      : Resolving eureka endpoints via configuration
2021-07-19 01:01:25.149  INFO 11140 --- [restartedMain] com.netflix.discovery.DiscoveryClient    : Disable delta property : false
2021-07-19 01:01:25.149  INFO 11140 --- [restartedMain] com.netflix.discovery.DiscoveryClient    : Single vip registry refresh property : null
2021-07-19 01:01:25.149  INFO 11140 --- [restartedMain] com.netflix.discovery.DiscoveryClient    : Force full registry fetch : false
2021-07-19 01:01:25.149  INFO 11140 --- [restartedMain] com.netflix.discovery.DiscoveryClient    : Application is null : false
2021-07-19 01:01:25.149  INFO 11140 --- [restartedMain] com.netflix.discovery.DiscoveryClient    : Registered Applications size is zero : true
2021-07-19 01:01:25.149  INFO 11140 --- [restartedMain] com.netflix.discovery.DiscoveryClient    : Application version is -1: true
2021-07-19 01:01:25.149  INFO 11140 --- [restartedMain] com.netflix.discovery.DiscoveryClient    : Getting all instance registry info from the eureka server
2021-07-19 01:01:25.159  INFO 11140 --- [restartedMain] com.netflix.discovery.DiscoveryClient    : The response status is 200
2021-07-19 01:01:25.160  INFO 11140 --- [restartedMain] com.netflix.discovery.DiscoveryClient    : Starting heartbeat executor: renew interval is: 30
2021-07-19 01:01:25.160  INFO 11140 --- [restartedMain] c.n.discovery.InstanceInfoReplicator     : InstanceInfoReplicator onDemand update allowed rate per min is 4
2021-07-19 01:01:25.160  INFO 11140 --- [restartedMain] com.netflix.discovery.DiscoveryClient    : Discovery Client initialized at timestamp 1626636685160 with initial instances count: 6
2021-07-19 01:01:25.162  INFO 11140 --- [restartedMain] o.s.c.n.e.s.EurekaServiceRegistry        : Registering application FRONTEND-SERVICE with eureka with status UP
2021-07-19 01:01:25.162  INFO 11140 --- [restartedMain] com.netflix.discovery.DiscoveryClient    : Saw local status change event StatusChangeEvent [timestamp=1626636685162, current=UP, previous=STARTING]
2021-07-19 01:01:25.163  INFO 11140 --- [DiscoveryClient-InstanceInfoReplicator-0] com.netflix.discovery.DiscoveryClient    : DiscoveryClient_FRONTEND-SERVICE/DESKTOP-ISPQ5J4:FRONTEND-SERVICE:8084: registering service...
2021-07-19 01:01:25.166  INFO 11140 --- [restartedMain] o.s.b.w.embedded.tomcat.TomcatWebServer  : Tomcat started on port(s): 8084 (http) with context path ''
2021-07-19 01:01:25.166  INFO 11140 --- [restartedMain] .s.c.n.e.s.EurekaAutoServiceRegistration : Updating port to 8084
2021-07-19 01:01:25.172  INFO 11140 --- [DiscoveryClient-InstanceInfoReplicator-0] com.netflix.discovery.DiscoveryClient    : DiscoveryClient_FRONTEND-SERVICE/DESKTOP-ISPQ5J4:FRONTEND-SERVICE:8084 - registration status: 204
2021-07-19 01:01:25.376  INFO 11140 --- [restartedMain] com.cognizant.post.MyBlogsApplication    : Started MyBlogsApplication in 1.427 seconds (JVM running for 233.111)
2021-07-19 01:01:25.377  INFO 11140 --- [restartedMain] .ConditionEvaluationDeltaLoggingListener : Condition evaluation unchanged
2021-07-19 01:01:26.822  INFO 11140 --- [http-nio-8084-exec-1] o.a.c.c.C.[Tomcat].[localhost].[/]       : Initializing Spring DispatcherServlet 'dispatcherServlet'
2021-07-19 01:01:26.822  INFO 11140 --- [http-nio-8084-exec-1] o.s.web.servlet.DispatcherServlet        : Initializing Servlet 'dispatcherServlet'
2021-07-19 01:01:26.823  INFO 11140 --- [http-nio-8084-exec-1] o.s.web.servlet.DispatcherServlet        : Completed initialization in 1 ms
2021-07-19 01:01:26.832  INFO 11140 --- [http-nio-8084-exec-1] c.c.post.controllers.PostController      : Inside getProfilePage() of PostController
2021-07-19 01:01:26.832  INFO 11140 --- [http-nio-8084-exec-1] c.c.post.services.EmployeeService        : Inside findByEmailAndPassword() of EmployeeService
2021-07-19 01:01:26.861  INFO 11140 --- [http-nio-8084-exec-2] c.c.post.controllers.PostController      : Inside getHomePage() of PostController
2021-07-19 01:01:26.861  INFO 11140 --- [http-nio-8084-exec-2] c.c.post.controllers.PostController      : Inside getAllCategories() of PostController
2021-07-19 01:01:26.861  INFO 11140 --- [http-nio-8084-exec-2] c.c.post.services.EmployeeService        : Inside getAllCategories() of EmployeeService
2021-07-19 01:01:26.879  INFO 11140 --- [http-nio-8084-exec-2] c.c.post.controllers.PostController      : Inside getOfferOfEmployee() of PostController
2021-07-19 01:01:26.879  INFO 11140 --- [http-nio-8084-exec-2] c.c.post.services.EmployeeService        : Inside getOfferOfEmployee() of EmployeeService
2021-07-19 01:01:26.891  INFO 11140 --- [http-nio-8084-exec-2] c.c.post.services.EmployeeService        : Inside getPoints() of EmployeeService
2021-07-19 01:01:27.074  INFO 11140 --- [http-nio-8084-exec-4] c.c.post.controllers.PostController      : Inside getOffers() of PostController
2021-07-19 01:01:27.075  INFO 11140 --- [http-nio-8084-exec-4] c.c.post.services.EmployeeService        : Inside getOffers() of EmployeeService
2021-07-19 01:04:13.039  INFO 11140 --- [Thread-31] o.s.c.n.e.s.EurekaServiceRegistry        : Unregistering application FRONTEND-SERVICE with eureka with status DOWN
2021-07-19 01:04:13.039  INFO 11140 --- [Thread-31] com.netflix.discovery.DiscoveryClient    : Saw local status change event StatusChangeEvent [timestamp=1626636853039, current=DOWN, previous=UP]
2021-07-19 01:04:13.039  INFO 11140 --- [DiscoveryClient-InstanceInfoReplicator-0] com.netflix.discovery.DiscoveryClient    : DiscoveryClient_FRONTEND-SERVICE/DESKTOP-ISPQ5J4:FRONTEND-SERVICE:8084: registering service...
2021-07-19 01:04:13.049  INFO 11140 --- [DiscoveryClient-InstanceInfoReplicator-0] com.netflix.discovery.DiscoveryClient    : DiscoveryClient_FRONTEND-SERVICE/DESKTOP-ISPQ5J4:FRONTEND-SERVICE:8084 - registration status: 204
2021-07-19 01:04:13.212  INFO 11140 --- [Thread-31] j.LocalContainerEntityManagerFactoryBean : Closing JPA EntityManagerFactory for persistence unit 'default'
2021-07-19 01:04:13.212  INFO 11140 --- [Thread-31] com.zaxxer.hikari.HikariDataSource       : HikariPool-6 - Shutdown initiated...
2021-07-19 01:04:13.214  INFO 11140 --- [Thread-31] com.zaxxer.hikari.HikariDataSource       : HikariPool-6 - Shutdown completed.
2021-07-19 01:04:13.215  INFO 11140 --- [Thread-31] com.netflix.discovery.DiscoveryClient    : Shutting down DiscoveryClient ...
2021-07-19 01:04:16.216  INFO 11140 --- [Thread-31] com.netflix.discovery.DiscoveryClient    : Unregistering ...
2021-07-19 01:04:16.233  INFO 11140 --- [Thread-31] com.netflix.discovery.DiscoveryClient    : DiscoveryClient_FRONTEND-SERVICE/DESKTOP-ISPQ5J4:FRONTEND-SERVICE:8084 - deregister  status: 200
2021-07-19 01:04:16.235  INFO 11140 --- [Thread-31] com.netflix.discovery.DiscoveryClient    : Completed shut down of DiscoveryClient
