2021-07-19 00:51:34.752  INFO 9780 --- [restartedMain] c.c.c.OfferApplication                   : Starting OfferApplication using Java 12.0.2 on DESKTOP-ISPQ5J4 with PID 9780 (D:\Application\Java_Eclipse_EE\my projects\offer\target\classes started by shubham in D:\Application\Java_Eclipse_EE\my projects\offer)
2021-07-19 00:51:34.752  INFO 9780 --- [restartedMain] c.c.c.OfferApplication                   : No active profile set, falling back to default profiles: default
2021-07-19 00:51:35.314  INFO 9780 --- [restartedMain] .s.d.r.c.RepositoryConfigurationDelegate : Bootstrapping Spring Data JPA repositories in DEFAULT mode.
2021-07-19 00:51:35.345  INFO 9780 --- [restartedMain] .s.d.r.c.RepositoryConfigurationDelegate : Finished Spring Data repository scanning in 31 ms. Found 5 JPA repository interfaces.
2021-07-19 00:51:35.425  INFO 9780 --- [restartedMain] o.s.cloud.context.scope.GenericScope     : BeanFactory id=7ab3be8a-39b2-3855-becf-40cd3afab1b5
2021-07-19 00:51:35.485  INFO 9780 --- [restartedMain] o.s.b.w.embedded.tomcat.TomcatWebServer  : Tomcat initialized with port(s): 8080 (http)
2021-07-19 00:51:35.485  INFO 9780 --- [restartedMain] o.apache.catalina.core.StandardService   : Starting service [Tomcat]
2021-07-19 00:51:35.485  INFO 9780 --- [restartedMain] org.apache.catalina.core.StandardEngine  : Starting Servlet engine: [Apache Tomcat/9.0.48]
2021-07-19 00:51:35.510  INFO 9780 --- [restartedMain] o.a.c.c.C.[Tomcat-9].[localhost].[/]     : Initializing Spring embedded WebApplicationContext
2021-07-19 00:51:35.510  INFO 9780 --- [restartedMain] w.s.c.ServletWebServerApplicationContext : Root WebApplicationContext: initialization completed in 755 ms
2021-07-19 00:51:35.547  INFO 9780 --- [restartedMain] o.hibernate.jpa.internal.util.LogHelper  : HHH000204: Processing PersistenceUnitInfo [name: default]
2021-07-19 00:51:35.553  INFO 9780 --- [restartedMain] com.zaxxer.hikari.HikariDataSource       : HikariPool-56 - Starting...
2021-07-19 00:51:35.616  INFO 9780 --- [restartedMain] com.zaxxer.hikari.HikariDataSource       : HikariPool-56 - Start completed.
2021-07-19 00:51:35.616  INFO 9780 --- [restartedMain] org.hibernate.dialect.Dialect            : HHH000400: Using dialect: org.hibernate.dialect.MySQL8Dialect
2021-07-19 00:51:35.817  INFO 9780 --- [restartedMain] o.h.e.t.j.p.i.JtaPlatformInitiator       : HHH000490: Using JtaPlatform implementation: [org.hibernate.engine.transaction.jta.platform.internal.NoJtaPlatform]
2021-07-19 00:51:35.817  INFO 9780 --- [restartedMain] j.LocalContainerEntityManagerFactoryBean : Initialized JPA EntityManagerFactory for persistence unit 'default'
2021-07-19 00:51:35.827  WARN 9780 --- [restartedMain] o.s.b.d.a.OptionalLiveReloadServer       : Unable to start LiveReload server
2021-07-19 00:51:36.141  WARN 9780 --- [restartedMain] JpaBaseConfiguration$JpaWebConfiguration : spring.jpa.open-in-view is enabled by default. Therefore, database queries may be performed during view rendering. Explicitly configure spring.jpa.open-in-view to disable this warning
2021-07-19 00:51:36.434  INFO 9780 --- [restartedMain] DiscoveryClientOptionalArgsConfiguration : Eureka HTTP Client uses RestTemplate.
2021-07-19 00:51:36.686  WARN 9780 --- [restartedMain] iguration$LoadBalancerCaffeineWarnLogger : Spring Cloud LoadBalancer is currently working with the default cache. You can switch to using Caffeine cache, by adding it and org.springframework.cache.caffeine.CaffeineCacheManager to the classpath.
2021-07-19 00:51:36.696  INFO 9780 --- [restartedMain] o.s.c.n.eureka.InstanceInfoFactory       : Setting initial instance status as: STARTING
2021-07-19 00:51:36.697  INFO 9780 --- [restartedMain] com.netflix.discovery.DiscoveryClient    : Initializing Eureka in region us-east-1
2021-07-19 00:51:36.697  INFO 9780 --- [restartedMain] c.n.d.s.r.aws.ConfigClusterResolver      : Resolving eureka endpoints via configuration
2021-07-19 00:51:36.698  INFO 9780 --- [restartedMain] com.netflix.discovery.DiscoveryClient    : Disable delta property : false
2021-07-19 00:51:36.698  INFO 9780 --- [restartedMain] com.netflix.discovery.DiscoveryClient    : Single vip registry refresh property : null
2021-07-19 00:51:36.698  INFO 9780 --- [restartedMain] com.netflix.discovery.DiscoveryClient    : Force full registry fetch : false
2021-07-19 00:51:36.698  INFO 9780 --- [restartedMain] com.netflix.discovery.DiscoveryClient    : Application is null : false
2021-07-19 00:51:36.698  INFO 9780 --- [restartedMain] com.netflix.discovery.DiscoveryClient    : Registered Applications size is zero : true
2021-07-19 00:51:36.698  INFO 9780 --- [restartedMain] com.netflix.discovery.DiscoveryClient    : Application version is -1: true
2021-07-19 00:51:36.698  INFO 9780 --- [restartedMain] com.netflix.discovery.DiscoveryClient    : Getting all instance registry info from the eureka server
2021-07-19 00:51:36.719  INFO 9780 --- [restartedMain] com.netflix.discovery.DiscoveryClient    : The response status is 200
2021-07-19 00:51:36.719  INFO 9780 --- [restartedMain] com.netflix.discovery.DiscoveryClient    : Starting heartbeat executor: renew interval is: 30
2021-07-19 00:51:36.719  INFO 9780 --- [restartedMain] c.n.discovery.InstanceInfoReplicator     : InstanceInfoReplicator onDemand update allowed rate per min is 4
2021-07-19 00:51:36.720  INFO 9780 --- [restartedMain] com.netflix.discovery.DiscoveryClient    : Discovery Client initialized at timestamp 1626636096720 with initial instances count: 6
2021-07-19 00:51:36.721  INFO 9780 --- [restartedMain] o.s.c.n.e.s.EurekaServiceRegistry        : Registering application OFFER-SERVICE with eureka with status UP
2021-07-19 00:51:36.721  INFO 9780 --- [restartedMain] com.netflix.discovery.DiscoveryClient    : Saw local status change event StatusChangeEvent [timestamp=1626636096721, current=UP, previous=STARTING]
2021-07-19 00:51:36.721  INFO 9780 --- [DiscoveryClient-InstanceInfoReplicator-0] com.netflix.discovery.DiscoveryClient    : DiscoveryClient_OFFER-SERVICE/DESKTOP-ISPQ5J4:OFFER-SERVICE:8080: registering service...
2021-07-19 00:51:36.731  INFO 9780 --- [restartedMain] o.s.b.w.embedded.tomcat.TomcatWebServer  : Tomcat started on port(s): 8080 (http) with context path ''
2021-07-19 00:51:36.731  INFO 9780 --- [restartedMain] .s.c.n.e.s.EurekaAutoServiceRegistration : Updating port to 8080
2021-07-19 00:51:36.734  INFO 9780 --- [DiscoveryClient-InstanceInfoReplicator-0] com.netflix.discovery.DiscoveryClient    : DiscoveryClient_OFFER-SERVICE/DESKTOP-ISPQ5J4:OFFER-SERVICE:8080 - registration status: 204
2021-07-19 00:51:36.963  INFO 9780 --- [restartedMain] c.c.c.OfferApplication                   : Started OfferApplication in 2.758 seconds (JVM running for 32095.342)
2021-07-19 00:51:36.964  INFO 9780 --- [restartedMain] .ConditionEvaluationDeltaLoggingListener : Condition evaluation unchanged
2021-07-19 00:55:05.274  INFO 9780 --- [RMI TCP Connection(542)-127.0.0.1] inMXBeanRegistrar$SpringApplicationAdmin : Application shutdown requested.
2021-07-19 00:55:05.274  INFO 9780 --- [RMI TCP Connection(542)-127.0.0.1] o.s.c.n.e.s.EurekaServiceRegistry        : Unregistering application OFFER-SERVICE with eureka with status DOWN
2021-07-19 00:55:05.275  INFO 9780 --- [RMI TCP Connection(542)-127.0.0.1] com.netflix.discovery.DiscoveryClient    : Saw local status change event StatusChangeEvent [timestamp=1626636305275, current=DOWN, previous=UP]
2021-07-19 00:55:05.275  INFO 9780 --- [DiscoveryClient-InstanceInfoReplicator-0] com.netflix.discovery.DiscoveryClient    : DiscoveryClient_OFFER-SERVICE/DESKTOP-ISPQ5J4:OFFER-SERVICE:8080: registering service...
2021-07-19 00:55:05.293  INFO 9780 --- [DiscoveryClient-InstanceInfoReplicator-0] com.netflix.discovery.DiscoveryClient    : DiscoveryClient_OFFER-SERVICE/DESKTOP-ISPQ5J4:OFFER-SERVICE:8080 - registration status: 204
2021-07-19 00:55:05.475  INFO 9780 --- [RMI TCP Connection(542)-127.0.0.1] j.LocalContainerEntityManagerFactoryBean : Closing JPA EntityManagerFactory for persistence unit 'default'
2021-07-19 00:55:05.476  INFO 9780 --- [RMI TCP Connection(542)-127.0.0.1] com.zaxxer.hikari.HikariDataSource       : HikariPool-56 - Shutdown initiated...
2021-07-19 00:55:05.479  INFO 9780 --- [RMI TCP Connection(542)-127.0.0.1] com.zaxxer.hikari.HikariDataSource       : HikariPool-56 - Shutdown completed.
2021-07-19 00:55:05.479  INFO 9780 --- [RMI TCP Connection(542)-127.0.0.1] com.netflix.discovery.DiscoveryClient    : Shutting down DiscoveryClient ...
2021-07-19 00:55:08.489  WARN 9780 --- [DiscoveryClient-0] c.netflix.discovery.TimedSupervisorTask  : task supervisor shutting down, can't accept the task
2021-07-19 00:55:08.491  INFO 9780 --- [RMI TCP Connection(542)-127.0.0.1] com.netflix.discovery.DiscoveryClient    : Unregistering ...
2021-07-19 00:55:08.493  INFO 9780 --- [RMI TCP Connection(542)-127.0.0.1] com.netflix.discovery.DiscoveryClient    : DiscoveryClient_OFFER-SERVICE/DESKTOP-ISPQ5J4:OFFER-SERVICE:8080 - deregister  status: 200
2021-07-19 00:55:08.499  INFO 9780 --- [RMI TCP Connection(542)-127.0.0.1] com.netflix.discovery.DiscoveryClient    : Completed shut down of DiscoveryClient
2021-07-19 00:57:08.040  INFO 19144 --- [restartedMain] c.c.c.OfferApplication                   : Starting OfferApplication using Java 12.0.2 on DESKTOP-ISPQ5J4 with PID 19144 (D:\Application\Java_Eclipse_EE\my projects\offer\target\classes started by shubham in D:\Application\Java_Eclipse_EE\my projects\offer)
2021-07-19 00:57:08.042  INFO 19144 --- [restartedMain] c.c.c.OfferApplication                   : No active profile set, falling back to default profiles: default
2021-07-19 00:57:08.073  INFO 19144 --- [restartedMain] .e.DevToolsPropertyDefaultsPostProcessor : Devtools property defaults active! Set 'spring.devtools.add-properties' to 'false' to disable
2021-07-19 00:57:08.073  INFO 19144 --- [restartedMain] .e.DevToolsPropertyDefaultsPostProcessor : For additional web related logging consider setting the 'logging.level.web' property to 'DEBUG'
2021-07-19 00:57:08.616  INFO 19144 --- [restartedMain] .s.d.r.c.RepositoryConfigurationDelegate : Bootstrapping Spring Data JPA repositories in DEFAULT mode.
2021-07-19 00:57:08.773  INFO 19144 --- [restartedMain] .s.d.r.c.RepositoryConfigurationDelegate : Finished Spring Data repository scanning in 149 ms. Found 5 JPA repository interfaces.
2021-07-19 00:57:08.989  INFO 19144 --- [restartedMain] o.s.cloud.context.scope.GenericScope     : BeanFactory id=7ab3be8a-39b2-3855-becf-40cd3afab1b5
2021-07-19 00:57:09.444  INFO 19144 --- [restartedMain] o.s.b.w.embedded.tomcat.TomcatWebServer  : Tomcat initialized with port(s): 8080 (http)
2021-07-19 00:57:09.451  INFO 19144 --- [restartedMain] o.apache.catalina.core.StandardService   : Starting service [Tomcat]
2021-07-19 00:57:09.451  INFO 19144 --- [restartedMain] org.apache.catalina.core.StandardEngine  : Starting Servlet engine: [Apache Tomcat/9.0.48]
2021-07-19 00:57:09.547  INFO 19144 --- [restartedMain] o.a.c.c.C.[Tomcat].[localhost].[/]       : Initializing Spring embedded WebApplicationContext
2021-07-19 00:57:09.547  INFO 19144 --- [restartedMain] w.s.c.ServletWebServerApplicationContext : Root WebApplicationContext: initialization completed in 1474 ms
2021-07-19 00:57:09.662  INFO 19144 --- [restartedMain] o.hibernate.jpa.internal.util.LogHelper  : HHH000204: Processing PersistenceUnitInfo [name: default]
2021-07-19 00:57:09.700  INFO 19144 --- [restartedMain] org.hibernate.Version                    : HHH000412: Hibernate ORM core version 5.4.32.Final
2021-07-19 00:57:09.793  INFO 19144 --- [restartedMain] o.hibernate.annotations.common.Version   : HCANN000001: Hibernate Commons Annotations {5.1.2.Final}
2021-07-19 00:57:09.869  INFO 19144 --- [restartedMain] com.zaxxer.hikari.HikariDataSource       : HikariPool-1 - Starting...
2021-07-19 00:57:10.079  INFO 19144 --- [restartedMain] com.zaxxer.hikari.HikariDataSource       : HikariPool-1 - Start completed.
2021-07-19 00:57:10.106  INFO 19144 --- [restartedMain] org.hibernate.dialect.Dialect            : HHH000400: Using dialect: org.hibernate.dialect.MySQL8Dialect
2021-07-19 00:57:10.821  INFO 19144 --- [restartedMain] o.h.e.t.j.p.i.JtaPlatformInitiator       : HHH000490: Using JtaPlatform implementation: [org.hibernate.engine.transaction.jta.platform.internal.NoJtaPlatform]
2021-07-19 00:57:10.836  INFO 19144 --- [restartedMain] j.LocalContainerEntityManagerFactoryBean : Initialized JPA EntityManagerFactory for persistence unit 'default'
2021-07-19 00:57:10.868  WARN 19144 --- [restartedMain] o.s.b.d.a.OptionalLiveReloadServer       : Unable to start LiveReload server
2021-07-19 00:57:11.332  WARN 19144 --- [restartedMain] JpaBaseConfiguration$JpaWebConfiguration : spring.jpa.open-in-view is enabled by default. Therefore, database queries may be performed during view rendering. Explicitly configure spring.jpa.open-in-view to disable this warning
2021-07-19 00:57:11.844  INFO 19144 --- [restartedMain] DiscoveryClientOptionalArgsConfiguration : Eureka HTTP Client uses RestTemplate.
2021-07-19 00:57:12.174  WARN 19144 --- [restartedMain] iguration$LoadBalancerCaffeineWarnLogger : Spring Cloud LoadBalancer is currently working with the default cache. You can switch to using Caffeine cache, by adding it and org.springframework.cache.caffeine.CaffeineCacheManager to the classpath.
2021-07-19 00:57:12.234  INFO 19144 --- [restartedMain] o.s.c.n.eureka.InstanceInfoFactory       : Setting initial instance status as: STARTING
2021-07-19 00:57:12.276  INFO 19144 --- [restartedMain] com.netflix.discovery.DiscoveryClient    : Initializing Eureka in region us-east-1
2021-07-19 00:57:12.282  INFO 19144 --- [restartedMain] c.n.d.s.r.aws.ConfigClusterResolver      : Resolving eureka endpoints via configuration
2021-07-19 00:57:12.303  INFO 19144 --- [restartedMain] com.netflix.discovery.DiscoveryClient    : Disable delta property : false
2021-07-19 00:57:12.303  INFO 19144 --- [restartedMain] com.netflix.discovery.DiscoveryClient    : Single vip registry refresh property : null
2021-07-19 00:57:12.303  INFO 19144 --- [restartedMain] com.netflix.discovery.DiscoveryClient    : Force full registry fetch : false
2021-07-19 00:57:12.303  INFO 19144 --- [restartedMain] com.netflix.discovery.DiscoveryClient    : Application is null : false
2021-07-19 00:57:12.303  INFO 19144 --- [restartedMain] com.netflix.discovery.DiscoveryClient    : Registered Applications size is zero : true
2021-07-19 00:57:12.304  INFO 19144 --- [restartedMain] com.netflix.discovery.DiscoveryClient    : Application version is -1: true
2021-07-19 00:57:12.304  INFO 19144 --- [restartedMain] com.netflix.discovery.DiscoveryClient    : Getting all instance registry info from the eureka server
2021-07-19 00:57:12.522  INFO 19144 --- [restartedMain] com.netflix.discovery.DiscoveryClient    : The response status is 200
2021-07-19 00:57:12.523  INFO 19144 --- [restartedMain] com.netflix.discovery.DiscoveryClient    : Starting heartbeat executor: renew interval is: 30
2021-07-19 00:57:12.525  INFO 19144 --- [restartedMain] c.n.discovery.InstanceInfoReplicator     : InstanceInfoReplicator onDemand update allowed rate per min is 4
2021-07-19 00:57:12.529  INFO 19144 --- [restartedMain] com.netflix.discovery.DiscoveryClient    : Discovery Client initialized at timestamp 1626636432528 with initial instances count: 0
2021-07-19 00:57:12.531  INFO 19144 --- [restartedMain] o.s.c.n.e.s.EurekaServiceRegistry        : Registering application OFFER-SERVICE with eureka with status UP
2021-07-19 00:57:12.531  INFO 19144 --- [restartedMain] com.netflix.discovery.DiscoveryClient    : Saw local status change event StatusChangeEvent [timestamp=1626636432531, current=UP, previous=STARTING]
2021-07-19 00:57:12.533  INFO 19144 --- [DiscoveryClient-InstanceInfoReplicator-0] com.netflix.discovery.DiscoveryClient    : DiscoveryClient_OFFER-SERVICE/DESKTOP-ISPQ5J4:OFFER-SERVICE:8080: registering service...
2021-07-19 00:57:12.556  INFO 19144 --- [restartedMain] o.s.b.w.embedded.tomcat.TomcatWebServer  : Tomcat started on port(s): 8080 (http) with context path ''
2021-07-19 00:57:12.557  INFO 19144 --- [restartedMain] .s.c.n.e.s.EurekaAutoServiceRegistration : Updating port to 8080
2021-07-19 00:57:12.576  INFO 19144 --- [DiscoveryClient-InstanceInfoReplicator-0] com.netflix.discovery.DiscoveryClient    : DiscoveryClient_OFFER-SERVICE/DESKTOP-ISPQ5J4:OFFER-SERVICE:8080 - registration status: 204
2021-07-19 00:57:12.811  INFO 19144 --- [restartedMain] c.c.c.OfferApplication                   : Started OfferApplication in 5.354 seconds (JVM running for 6.096)
2021-07-19 00:57:42.534  INFO 19144 --- [DiscoveryClient-CacheRefreshExecutor-0] com.netflix.discovery.DiscoveryClient    : Disable delta property : false
2021-07-19 00:57:42.535  INFO 19144 --- [DiscoveryClient-CacheRefreshExecutor-0] com.netflix.discovery.DiscoveryClient    : Single vip registry refresh property : null
2021-07-19 00:57:42.535  INFO 19144 --- [DiscoveryClient-CacheRefreshExecutor-0] com.netflix.discovery.DiscoveryClient    : Force full registry fetch : false
2021-07-19 00:57:42.535  INFO 19144 --- [DiscoveryClient-CacheRefreshExecutor-0] com.netflix.discovery.DiscoveryClient    : Application is null : false
2021-07-19 00:57:42.535  INFO 19144 --- [DiscoveryClient-CacheRefreshExecutor-0] com.netflix.discovery.DiscoveryClient    : Registered Applications size is zero : true
2021-07-19 00:57:42.535  INFO 19144 --- [DiscoveryClient-CacheRefreshExecutor-0] com.netflix.discovery.DiscoveryClient    : Application version is -1: false
2021-07-19 00:57:42.535  INFO 19144 --- [DiscoveryClient-CacheRefreshExecutor-0] com.netflix.discovery.DiscoveryClient    : Getting all instance registry info from the eureka server
2021-07-19 00:57:42.556  INFO 19144 --- [DiscoveryClient-CacheRefreshExecutor-0] com.netflix.discovery.DiscoveryClient    : The response status is 200
2021-07-19 01:00:10.347  INFO 19144 --- [http-nio-8080-exec-1] o.a.c.c.C.[Tomcat].[localhost].[/]       : Initializing Spring DispatcherServlet 'dispatcherServlet'
2021-07-19 01:00:10.348  INFO 19144 --- [http-nio-8080-exec-1] o.s.web.servlet.DispatcherServlet        : Initializing Servlet 'dispatcherServlet'
2021-07-19 01:00:10.349  INFO 19144 --- [http-nio-8080-exec-1] o.s.web.servlet.DispatcherServlet        : Completed initialization in 1 ms
2021-07-19 01:00:10.376  INFO 19144 --- [http-nio-8080-exec-1] c.c.c.controllers.OfferController        : Inside getAllCategories() of OfferController
2021-07-19 01:00:10.376  INFO 19144 --- [http-nio-8080-exec-1] c.c.c.services.OfferService              : Inside getAllCategories() of OfferService
2021-07-19 01:00:10.653  INFO 19144 --- [http-nio-8080-exec-2] c.c.c.controllers.OfferController        : Inside getOfferByEmployeeId() of OfferController
2021-07-19 01:00:10.653  INFO 19144 --- [http-nio-8080-exec-2] c.c.c.services.OfferService              : Inside getOfferByEmployeeId() of OfferService
2021-07-19 01:00:12.314  INFO 19144 --- [http-nio-8080-exec-3] c.c.c.controllers.OfferController        : Inside getAllOffers() of OfferController
2021-07-19 01:00:12.314  INFO 19144 --- [http-nio-8080-exec-3] c.c.c.services.OfferService              : Inside getAllOffers() of OfferService
2021-07-19 01:00:41.240  INFO 19144 --- [http-nio-8080-exec-4] c.c.c.controllers.OfferController        : Inside getAllCategories() of OfferController
2021-07-19 01:00:41.240  INFO 19144 --- [http-nio-8080-exec-4] c.c.c.services.OfferService              : Inside getAllCategories() of OfferService
2021-07-19 01:00:41.248  INFO 19144 --- [http-nio-8080-exec-5] c.c.c.controllers.OfferController        : Inside getOfferByEmployeeId() of OfferController
2021-07-19 01:00:41.248  INFO 19144 --- [http-nio-8080-exec-5] c.c.c.services.OfferService              : Inside getOfferByEmployeeId() of OfferService
2021-07-19 01:00:41.499  INFO 19144 --- [http-nio-8080-exec-6] c.c.c.controllers.OfferController        : Inside getAllOffers() of OfferController
2021-07-19 01:00:41.500  INFO 19144 --- [http-nio-8080-exec-6] c.c.c.services.OfferService              : Inside getAllOffers() of OfferService
2021-07-19 01:01:26.874  INFO 19144 --- [http-nio-8080-exec-7] c.c.c.controllers.OfferController        : Inside getAllCategories() of OfferController
2021-07-19 01:01:26.874  INFO 19144 --- [http-nio-8080-exec-7] c.c.c.services.OfferService              : Inside getAllCategories() of OfferService
2021-07-19 01:01:26.881  INFO 19144 --- [http-nio-8080-exec-8] c.c.c.controllers.OfferController        : Inside getOfferByEmployeeId() of OfferController
2021-07-19 01:01:26.881  INFO 19144 --- [http-nio-8080-exec-8] c.c.c.services.OfferService              : Inside getOfferByEmployeeId() of OfferService
2021-07-19 01:01:27.079  INFO 19144 --- [http-nio-8080-exec-9] c.c.c.controllers.OfferController        : Inside getAllOffers() of OfferController
2021-07-19 01:01:27.079  INFO 19144 --- [http-nio-8080-exec-9] c.c.c.services.OfferService              : Inside getAllOffers() of OfferService
2021-07-19 01:02:12.318  INFO 19144 --- [AsyncResolver-bootstrap-executor-0] c.n.d.s.r.aws.ConfigClusterResolver      : Resolving eureka endpoints via configuration
2021-07-19 01:05:08.367  INFO 19144 --- [Thread-1] o.s.c.n.e.s.EurekaServiceRegistry        : Unregistering application OFFER-SERVICE with eureka with status DOWN
2021-07-19 01:05:08.367  INFO 19144 --- [Thread-1] com.netflix.discovery.DiscoveryClient    : Saw local status change event StatusChangeEvent [timestamp=1626636908367, current=DOWN, previous=UP]
2021-07-19 01:05:08.367  INFO 19144 --- [DiscoveryClient-InstanceInfoReplicator-0] com.netflix.discovery.DiscoveryClient    : DiscoveryClient_OFFER-SERVICE/DESKTOP-ISPQ5J4:OFFER-SERVICE:8080: registering service...
2021-07-19 01:05:08.391  INFO 19144 --- [DiscoveryClient-InstanceInfoReplicator-0] com.netflix.discovery.DiscoveryClient    : DiscoveryClient_OFFER-SERVICE/DESKTOP-ISPQ5J4:OFFER-SERVICE:8080 - registration status: 204
2021-07-19 01:05:08.575  INFO 19144 --- [Thread-1] j.LocalContainerEntityManagerFactoryBean : Closing JPA EntityManagerFactory for persistence unit 'default'
2021-07-19 01:05:08.582  INFO 19144 --- [Thread-1] com.zaxxer.hikari.HikariDataSource       : HikariPool-1 - Shutdown initiated...
2021-07-19 01:05:08.597  INFO 19144 --- [Thread-1] com.zaxxer.hikari.HikariDataSource       : HikariPool-1 - Shutdown completed.
2021-07-19 01:05:08.598  INFO 19144 --- [Thread-1] com.netflix.discovery.DiscoveryClient    : Shutting down DiscoveryClient ...
2021-07-19 01:05:11.615  INFO 19144 --- [Thread-1] com.netflix.discovery.DiscoveryClient    : Unregistering ...
2021-07-19 01:05:11.630  INFO 19144 --- [Thread-1] com.netflix.discovery.DiscoveryClient    : DiscoveryClient_OFFER-SERVICE/DESKTOP-ISPQ5J4:OFFER-SERVICE:8080 - deregister  status: 200
2021-07-19 01:05:11.639  INFO 19144 --- [Thread-1] com.netflix.discovery.DiscoveryClient    : Completed shut down of DiscoveryClient
